2025-06-18 16:35:14,053 INFO  [main] com.qs.utility.PropertyUtils - Loading property file: D:\QSAutomationFramework/src/test/java/com/qs/platform/properties/Config.properties
2025-06-18 16:35:14,128 INFO  [main] org.testng.internal.Utils - [Utils] MethodGroupsHelper.collectMethodsByGroup() took 2 ms.
2025-06-18 16:35:14,134 INFO  [main] org.testng.internal.Utils - [Utils] MethodGroupsHelper.sortMethods() took 2 ms.
2025-06-18 16:35:14,136 INFO  [main] org.testng.internal.Utils - [Utils] MethodGroupsHelper.collectMethodsByGroup() took 0 ms.
2025-06-18 16:35:14,137 INFO  [main] org.testng.internal.Utils - [Utils] MethodGroupsHelper.sortMethods() took 0 ms.
2025-06-18 16:35:14,140 INFO  [main] org.testng.internal.Utils - [Utils] MethodGroupsHelper.collectMethodsByGroup() took 0 ms.
2025-06-18 16:35:14,140 INFO  [main] org.testng.internal.Utils - [Utils] MethodGroupsHelper.sortMethods() took 0 ms.
2025-06-18 16:35:14,141 INFO  [main] org.testng.internal.Utils - [Utils] MethodGroupsHelper.collectMethodsByGroup() took 0 ms.
2025-06-18 16:35:14,142 INFO  [main] org.testng.internal.Utils - [Utils] MethodGroupsHelper.sortMethods() took 0 ms.
2025-06-18 16:35:14,143 INFO  [main] org.testng.internal.Utils - [Utils] MethodGroupsHelper.collectMethodsByGroup() took 0 ms.
2025-06-18 16:35:14,143 INFO  [main] org.testng.internal.Utils - [Utils] MethodGroupsHelper.sortMethods() took 0 ms.
2025-06-18 16:35:14,144 INFO  [main] org.testng.internal.Utils - [Utils] MethodGroupsHelper.collectMethodsByGroup() took 0 ms.
2025-06-18 16:35:14,144 INFO  [main] org.testng.internal.Utils - [Utils] MethodGroupsHelper.sortMethods() took 0 ms.
2025-06-18 16:35:14,145 INFO  [main] org.testng.internal.Utils - [Utils] MethodGroupsHelper.collectMethodsByGroup() took 0 ms.
2025-06-18 16:35:14,146 INFO  [main] org.testng.internal.Utils - [Utils] MethodGroupsHelper.sortMethods() took 0 ms.
2025-06-18 16:35:14,148 INFO  [main] org.testng.internal.Utils - [Utils] MethodGroupsHelper.collectMethodsByGroup() took 0 ms.
2025-06-18 16:35:14,151 INFO  [main] org.testng.internal.Utils - [Utils] MethodGroupsHelper.sortMethods() took 0 ms.
2025-06-18 16:35:14,166 INFO  [main] org.testng.internal.Utils - [Utils] MethodGroupsHelper.collectMethodsByGroup() took 5 ms.
2025-06-18 16:35:14,186 INFO  [main] org.testng.internal.Utils - [Utils] MethodGroupsHelper.sortMethods() took 19 ms.
2025-06-18 16:35:14,189 INFO  [main] org.testng.internal.Utils - [Utils] MethodGroupsHelper.collectMethodsByGroup() took 0 ms.
2025-06-18 16:35:14,189 INFO  [main] org.testng.internal.Utils - [Utils] MethodGroupsHelper.sortMethods() took 0 ms.
2025-06-18 16:35:14,198 INFO  [main] org.testng.internal.Utils - [Utils] MethodGroupsHelper.collectMethodsByGroup() took 0 ms.
2025-06-18 16:35:14,199 INFO  [main] org.testng.internal.Utils - [Utils] MethodGroupsHelper.sortMethods() took 0 ms.
2025-06-18 16:35:14,199 INFO  [main] org.testng.internal.Utils - [Utils] MethodGroupsHelper.collectMethodsByGroup() took 0 ms.
2025-06-18 16:35:14,199 INFO  [main] org.testng.internal.Utils - [Utils] MethodGroupsHelper.sortMethods() took 0 ms.
2025-06-18 16:35:14,202 INFO  [main] org.testng.internal.Utils - [Utils] MethodGroupsHelper.collectMethodsByGroup() took 0 ms.
2025-06-18 16:35:14,203 INFO  [main] org.testng.internal.Utils - [Utils] MethodGroupsHelper.sortMethods() took 0 ms.
2025-06-18 16:35:14,206 INFO  [main] org.testng.internal.Utils - [Utils] MethodGroupsHelper.collectMethodsByGroup() took 0 ms.
2025-06-18 16:35:14,207 INFO  [main] org.testng.internal.Utils - [Utils] MethodGroupsHelper.sortMethods() took 0 ms.
2025-06-18 16:35:14,207 INFO  [main] org.testng.internal.Utils - [Utils] MethodGroupsHelper.collectMethodsByGroup() took 0 ms.
2025-06-18 16:35:14,207 INFO  [main] org.testng.internal.Utils - [Utils] MethodGroupsHelper.sortMethods() took 0 ms.
2025-06-18 16:35:14,217 INFO  [main] org.testng.internal.Utils - [TestNG] Running:
  D:\QSAutomationFramework\testng.xml

2025-06-18 16:35:14,248 INFO  [main] org.testng.internal.Utils - [Utils] DynamicGraphHelper.createDynamicGraph() took 8 ms.
2025-06-18 16:35:26,777 INFO  [main] com.qs.utility.PropertyUtils - Loading property file: D:\QSAutomationFramework/src/test/java/com/qs/platform/ObjectRepository/Insight.properties
2025-06-18 16:35:26,777 INFO  [main] com.qs.utility.PropertyUtils - Loading property file: D:\QSAutomationFramework/src/test/java/com/qs/platform/properties/Config.properties
2025-06-18 16:35:26,786 INFO  [main] com.qs.Pages.Insights - This Method helps to handle the cookies Banner
2025-06-18 16:35:27,542 INFO  [main] com.qs.Pages.Insights - This method helps to Identify the Broken Images and Display the url in Console
2025-06-18 16:35:49,817 INFO  [main] com.qs.utility.PropertyUtils - Loading property file: D:\QSAutomationFramework/src/test/java/com/qs/platform/properties/Config.properties
2025-06-18 16:36:05,982 INFO  [main] com.qs.utility.PropertyUtils - Loading property file: D:\QSAutomationFramework/src/test/java/com/qs/platform/properties/Config.properties
2025-06-18 16:36:06,075 INFO  [main] org.testng.internal.Utils - [Utils] MethodGroupsHelper.collectMethodsByGroup() took 1 ms.
2025-06-18 16:36:06,082 INFO  [main] org.testng.internal.Utils - [Utils] MethodGroupsHelper.sortMethods() took 3 ms.
2025-06-18 16:36:06,086 INFO  [main] org.testng.internal.Utils - [Utils] MethodGroupsHelper.collectMethodsByGroup() took 0 ms.
2025-06-18 16:36:06,087 INFO  [main] org.testng.internal.Utils - [Utils] MethodGroupsHelper.sortMethods() took 0 ms.
2025-06-18 16:36:06,088 INFO  [main] org.testng.internal.Utils - [Utils] MethodGroupsHelper.collectMethodsByGroup() took 0 ms.
2025-06-18 16:36:06,089 INFO  [main] org.testng.internal.Utils - [Utils] MethodGroupsHelper.sortMethods() took 0 ms.
2025-06-18 16:36:06,091 INFO  [main] org.testng.internal.Utils - [Utils] MethodGroupsHelper.collectMethodsByGroup() took 0 ms.
2025-06-18 16:36:06,092 INFO  [main] org.testng.internal.Utils - [Utils] MethodGroupsHelper.sortMethods() took 0 ms.
2025-06-18 16:36:06,094 INFO  [main] org.testng.internal.Utils - [Utils] MethodGroupsHelper.collectMethodsByGroup() took 0 ms.
2025-06-18 16:36:06,094 INFO  [main] org.testng.internal.Utils - [Utils] MethodGroupsHelper.sortMethods() took 0 ms.
2025-06-18 16:36:06,096 INFO  [main] org.testng.internal.Utils - [Utils] MethodGroupsHelper.collectMethodsByGroup() took 0 ms.
2025-06-18 16:36:06,097 INFO  [main] org.testng.internal.Utils - [Utils] MethodGroupsHelper.sortMethods() took 0 ms.
2025-06-18 16:36:06,099 INFO  [main] org.testng.internal.Utils - [Utils] MethodGroupsHelper.collectMethodsByGroup() took 0 ms.
2025-06-18 16:36:06,100 INFO  [main] org.testng.internal.Utils - [Utils] MethodGroupsHelper.sortMethods() took 0 ms.
2025-06-18 16:36:06,102 INFO  [main] org.testng.internal.Utils - [Utils] MethodGroupsHelper.collectMethodsByGroup() took 0 ms.
2025-06-18 16:36:06,106 INFO  [main] org.testng.internal.Utils - [Utils] MethodGroupsHelper.sortMethods() took 0 ms.
2025-06-18 16:36:06,123 INFO  [main] org.testng.internal.Utils - [Utils] MethodGroupsHelper.collectMethodsByGroup() took 7 ms.
2025-06-18 16:36:06,155 INFO  [main] org.testng.internal.Utils - [Utils] MethodGroupsHelper.sortMethods() took 31 ms.
2025-06-18 16:36:06,159 INFO  [main] org.testng.internal.Utils - [Utils] MethodGroupsHelper.collectMethodsByGroup() took 0 ms.
2025-06-18 16:36:06,161 INFO  [main] org.testng.internal.Utils - [Utils] MethodGroupsHelper.sortMethods() took 0 ms.
2025-06-18 16:36:06,172 INFO  [main] org.testng.internal.Utils - [Utils] MethodGroupsHelper.collectMethodsByGroup() took 0 ms.
2025-06-18 16:36:06,173 INFO  [main] org.testng.internal.Utils - [Utils] MethodGroupsHelper.sortMethods() took 0 ms.
2025-06-18 16:36:06,174 INFO  [main] org.testng.internal.Utils - [Utils] MethodGroupsHelper.collectMethodsByGroup() took 0 ms.
2025-06-18 16:36:06,174 INFO  [main] org.testng.internal.Utils - [Utils] MethodGroupsHelper.sortMethods() took 0 ms.
2025-06-18 16:36:06,176 INFO  [main] org.testng.internal.Utils - [Utils] MethodGroupsHelper.collectMethodsByGroup() took 0 ms.
2025-06-18 16:36:06,180 INFO  [main] org.testng.internal.Utils - [Utils] MethodGroupsHelper.sortMethods() took 0 ms.
2025-06-18 16:36:06,184 INFO  [main] org.testng.internal.Utils - [Utils] MethodGroupsHelper.collectMethodsByGroup() took 0 ms.
2025-06-18 16:36:06,185 INFO  [main] org.testng.internal.Utils - [Utils] MethodGroupsHelper.sortMethods() took 0 ms.
2025-06-18 16:36:06,185 INFO  [main] org.testng.internal.Utils - [Utils] MethodGroupsHelper.collectMethodsByGroup() took 0 ms.
2025-06-18 16:36:06,186 INFO  [main] org.testng.internal.Utils - [Utils] MethodGroupsHelper.sortMethods() took 0 ms.
2025-06-18 16:36:06,199 INFO  [main] org.testng.internal.Utils - [TestNG] Running:
  D:\QSAutomationFramework\testng.xml

2025-06-18 16:36:06,254 INFO  [main] org.testng.internal.Utils - [Utils] DynamicGraphHelper.createDynamicGraph() took 17 ms.
2025-06-18 16:36:15,040 INFO  [main] com.qs.utility.PropertyUtils - Loading property file: D:\QSAutomationFramework/src/test/java/com/qs/platform/ObjectRepository/Insight.properties
2025-06-18 16:36:15,042 INFO  [main] com.qs.utility.PropertyUtils - Loading property file: D:\QSAutomationFramework/src/test/java/com/qs/platform/properties/Config.properties
2025-06-18 16:36:15,045 INFO  [main] com.qs.Pages.Insights - This Method helps to handle the cookies Banner
2025-06-18 16:36:15,827 INFO  [main] com.qs.Pages.Insights - This method helps to Identify the Broken Images and Display the url in Console
2025-06-18 16:40:52,141 INFO  [main] com.qs.utility.PropertyUtils - Loading property file: D:\QSAutomationFramework/src/test/java/com/qs/platform/properties/Config.properties
2025-06-18 16:41:00,355 INFO  [main] com.qs.Pages.Insights - This Method helps to handle the cookies Banner
2025-06-18 16:41:01,119 INFO  [main] com.qs.Pages.Insights - This method helps to Identify the Broken Images and Display the url in Console
2025-06-18 16:46:20,964 INFO  [main] org.testng.internal.Utils - [TestNG] Time taken by org.testng.internal.ExitCodeListener@54a98358: 0 ms
2025-06-18 17:28:17,014 INFO  [main] com.qs.utility.PropertyUtils - Loading property file: D:\QSAutomationFramework/src/test/java/com/qs/platform/properties/Config.properties
2025-06-18 17:28:17,078 INFO  [main] org.testng.internal.Utils - [Utils] MethodGroupsHelper.collectMethodsByGroup() took 1 ms.
2025-06-18 17:28:17,084 INFO  [main] org.testng.internal.Utils - [Utils] MethodGroupsHelper.sortMethods() took 3 ms.
2025-06-18 17:28:17,087 INFO  [main] org.testng.internal.Utils - [Utils] MethodGroupsHelper.collectMethodsByGroup() took 0 ms.
2025-06-18 17:28:17,089 INFO  [main] org.testng.internal.Utils - [Utils] MethodGroupsHelper.sortMethods() took 0 ms.
2025-06-18 17:28:17,090 INFO  [main] org.testng.internal.Utils - [Utils] MethodGroupsHelper.collectMethodsByGroup() took 0 ms.
2025-06-18 17:28:17,090 INFO  [main] org.testng.internal.Utils - [Utils] MethodGroupsHelper.sortMethods() took 0 ms.
2025-06-18 17:28:17,091 INFO  [main] org.testng.internal.Utils - [Utils] MethodGroupsHelper.collectMethodsByGroup() took 0 ms.
2025-06-18 17:28:17,091 INFO  [main] org.testng.internal.Utils - [Utils] MethodGroupsHelper.sortMethods() took 0 ms.
2025-06-18 17:28:17,092 INFO  [main] org.testng.internal.Utils - [Utils] MethodGroupsHelper.collectMethodsByGroup() took 0 ms.
2025-06-18 17:28:17,093 INFO  [main] org.testng.internal.Utils - [Utils] MethodGroupsHelper.sortMethods() took 0 ms.
2025-06-18 17:28:17,094 INFO  [main] org.testng.internal.Utils - [Utils] MethodGroupsHelper.collectMethodsByGroup() took 0 ms.
2025-06-18 17:28:17,094 INFO  [main] org.testng.internal.Utils - [Utils] MethodGroupsHelper.sortMethods() took 0 ms.
2025-06-18 17:28:17,096 INFO  [main] org.testng.internal.Utils - [Utils] MethodGroupsHelper.collectMethodsByGroup() took 0 ms.
2025-06-18 17:28:17,096 INFO  [main] org.testng.internal.Utils - [Utils] MethodGroupsHelper.sortMethods() took 0 ms.
2025-06-18 17:28:17,098 INFO  [main] org.testng.internal.Utils - [Utils] MethodGroupsHelper.collectMethodsByGroup() took 0 ms.
2025-06-18 17:28:17,100 INFO  [main] org.testng.internal.Utils - [Utils] MethodGroupsHelper.sortMethods() took 0 ms.
2025-06-18 17:28:17,119 INFO  [main] org.testng.internal.Utils - [Utils] MethodGroupsHelper.collectMethodsByGroup() took 8 ms.
2025-06-18 17:28:17,144 INFO  [main] org.testng.internal.Utils - [Utils] MethodGroupsHelper.sortMethods() took 23 ms.
2025-06-18 17:28:17,146 INFO  [main] org.testng.internal.Utils - [Utils] MethodGroupsHelper.collectMethodsByGroup() took 0 ms.
2025-06-18 17:28:17,148 INFO  [main] org.testng.internal.Utils - [Utils] MethodGroupsHelper.sortMethods() took 0 ms.
2025-06-18 17:28:17,157 INFO  [main] org.testng.internal.Utils - [Utils] MethodGroupsHelper.collectMethodsByGroup() took 0 ms.
2025-06-18 17:28:17,158 INFO  [main] org.testng.internal.Utils - [Utils] MethodGroupsHelper.sortMethods() took 0 ms.
2025-06-18 17:28:17,159 INFO  [main] org.testng.internal.Utils - [Utils] MethodGroupsHelper.collectMethodsByGroup() took 0 ms.
2025-06-18 17:28:17,159 INFO  [main] org.testng.internal.Utils - [Utils] MethodGroupsHelper.sortMethods() took 0 ms.
2025-06-18 17:28:17,162 INFO  [main] org.testng.internal.Utils - [Utils] MethodGroupsHelper.collectMethodsByGroup() took 0 ms.
2025-06-18 17:28:17,164 INFO  [main] org.testng.internal.Utils - [Utils] MethodGroupsHelper.sortMethods() took 0 ms.
2025-06-18 17:28:17,167 INFO  [main] org.testng.internal.Utils - [Utils] MethodGroupsHelper.collectMethodsByGroup() took 0 ms.
2025-06-18 17:28:17,168 INFO  [main] org.testng.internal.Utils - [Utils] MethodGroupsHelper.sortMethods() took 0 ms.
2025-06-18 17:28:17,168 INFO  [main] org.testng.internal.Utils - [Utils] MethodGroupsHelper.collectMethodsByGroup() took 0 ms.
2025-06-18 17:28:17,169 INFO  [main] org.testng.internal.Utils - [Utils] MethodGroupsHelper.sortMethods() took 0 ms.
2025-06-18 17:28:17,179 INFO  [main] org.testng.internal.Utils - [TestNG] Running:
  D:\QSAutomationFramework\testng.xml

2025-06-18 17:28:17,211 INFO  [main] org.testng.internal.Utils - [Utils] DynamicGraphHelper.createDynamicGraph() took 11 ms.
2025-06-18 17:28:25,756 INFO  [main] com.qs.utility.PropertyUtils - Loading property file: D:\QSAutomationFramework/src/test/java/com/qs/platform/ObjectRepository/Insight.properties
2025-06-18 17:28:25,759 INFO  [main] com.qs.utility.PropertyUtils - Loading property file: D:\QSAutomationFramework/src/test/java/com/qs/platform/properties/Config.properties
2025-06-18 17:28:25,765 INFO  [main] com.qs.Pages.Insights - This Method helps to handle the cookies Banner
2025-06-18 17:28:26,514 INFO  [main] com.qs.Pages.Insights - This method helps to Identify the Broken Images and Display the url in Console
2025-06-18 17:55:14,034 INFO  [main] com.qs.utility.PropertyUtils - Loading property file: D:\QSAutomationFramework/src/test/java/com/qs/platform/properties/Config.properties
2025-06-18 17:55:15,928 INFO  [main] org.testng.internal.Utils - [TestNG] Time taken by org.testng.internal.ExitCodeListener@459fd4ac: 0 ms
2025-06-18 17:56:22,298 INFO  [main] com.qs.utility.PropertyUtils - Loading property file: D:\QSAutomationFramework/src/test/java/com/qs/platform/properties/Config.properties
2025-06-18 17:56:22,347 INFO  [main] org.testng.internal.Utils - [Utils] MethodGroupsHelper.collectMethodsByGroup() took 0 ms.
2025-06-18 17:56:22,353 INFO  [main] org.testng.internal.Utils - [Utils] MethodGroupsHelper.sortMethods() took 2 ms.
2025-06-18 17:56:22,356 INFO  [main] org.testng.internal.Utils - [Utils] MethodGroupsHelper.collectMethodsByGroup() took 0 ms.
2025-06-18 17:56:22,356 INFO  [main] org.testng.internal.Utils - [Utils] MethodGroupsHelper.sortMethods() took 0 ms.
2025-06-18 17:56:22,357 INFO  [main] org.testng.internal.Utils - [Utils] MethodGroupsHelper.collectMethodsByGroup() took 0 ms.
2025-06-18 17:56:22,359 INFO  [main] org.testng.internal.Utils - [Utils] MethodGroupsHelper.sortMethods() took 0 ms.
2025-06-18 17:56:22,360 INFO  [main] org.testng.internal.Utils - [Utils] MethodGroupsHelper.collectMethodsByGroup() took 1 ms.
2025-06-18 17:56:22,360 INFO  [main] org.testng.internal.Utils - [Utils] MethodGroupsHelper.sortMethods() took 0 ms.
2025-06-18 17:56:22,361 INFO  [main] org.testng.internal.Utils - [Utils] MethodGroupsHelper.collectMethodsByGroup() took 0 ms.
2025-06-18 17:56:22,362 INFO  [main] org.testng.internal.Utils - [Utils] MethodGroupsHelper.sortMethods() took 0 ms.
2025-06-18 17:56:22,362 INFO  [main] org.testng.internal.Utils - [Utils] MethodGroupsHelper.collectMethodsByGroup() took 0 ms.
2025-06-18 17:56:22,363 INFO  [main] org.testng.internal.Utils - [Utils] MethodGroupsHelper.sortMethods() took 0 ms.
2025-06-18 17:56:22,364 INFO  [main] org.testng.internal.Utils - [Utils] MethodGroupsHelper.collectMethodsByGroup() took 0 ms.
2025-06-18 17:56:22,364 INFO  [main] org.testng.internal.Utils - [Utils] MethodGroupsHelper.sortMethods() took 0 ms.
2025-06-18 17:56:22,365 INFO  [main] org.testng.internal.Utils - [Utils] MethodGroupsHelper.collectMethodsByGroup() took 0 ms.
2025-06-18 17:56:22,368 INFO  [main] org.testng.internal.Utils - [Utils] MethodGroupsHelper.sortMethods() took 0 ms.
2025-06-18 17:56:22,380 INFO  [main] org.testng.internal.Utils - [Utils] MethodGroupsHelper.collectMethodsByGroup() took 6 ms.
2025-06-18 17:56:22,394 INFO  [main] org.testng.internal.Utils - [Utils] MethodGroupsHelper.sortMethods() took 13 ms.
2025-06-18 17:56:22,396 INFO  [main] org.testng.internal.Utils - [Utils] MethodGroupsHelper.collectMethodsByGroup() took 0 ms.
2025-06-18 17:56:22,397 INFO  [main] org.testng.internal.Utils - [Utils] MethodGroupsHelper.sortMethods() took 0 ms.
2025-06-18 17:56:22,403 INFO  [main] org.testng.internal.Utils - [Utils] MethodGroupsHelper.collectMethodsByGroup() took 0 ms.
2025-06-18 17:56:22,403 INFO  [main] org.testng.internal.Utils - [Utils] MethodGroupsHelper.sortMethods() took 0 ms.
2025-06-18 17:56:22,403 INFO  [main] org.testng.internal.Utils - [Utils] MethodGroupsHelper.collectMethodsByGroup() took 0 ms.
2025-06-18 17:56:22,404 INFO  [main] org.testng.internal.Utils - [Utils] MethodGroupsHelper.sortMethods() took 0 ms.
2025-06-18 17:56:22,406 INFO  [main] org.testng.internal.Utils - [Utils] MethodGroupsHelper.collectMethodsByGroup() took 1 ms.
2025-06-18 17:56:22,407 INFO  [main] org.testng.internal.Utils - [Utils] MethodGroupsHelper.sortMethods() took 0 ms.
2025-06-18 17:56:22,410 INFO  [main] org.testng.internal.Utils - [Utils] MethodGroupsHelper.collectMethodsByGroup() took 0 ms.
2025-06-18 17:56:22,411 INFO  [main] org.testng.internal.Utils - [Utils] MethodGroupsHelper.sortMethods() took 0 ms.
2025-06-18 17:56:22,411 INFO  [main] org.testng.internal.Utils - [Utils] MethodGroupsHelper.collectMethodsByGroup() took 0 ms.
2025-06-18 17:56:22,411 INFO  [main] org.testng.internal.Utils - [Utils] MethodGroupsHelper.sortMethods() took 0 ms.
2025-06-18 17:56:22,420 INFO  [main] org.testng.internal.Utils - [TestNG] Running:
  D:\QSAutomationFramework\testng.xml

2025-06-18 17:56:22,447 INFO  [main] org.testng.internal.Utils - [Utils] DynamicGraphHelper.createDynamicGraph() took 8 ms.
2025-06-18 17:56:31,511 INFO  [main] com.qs.utility.PropertyUtils - Loading property file: D:\QSAutomationFramework/src/test/java/com/qs/platform/ObjectRepository/Insight.properties
2025-06-18 17:56:31,513 INFO  [main] com.qs.utility.PropertyUtils - Loading property file: D:\QSAutomationFramework/src/test/java/com/qs/platform/properties/Config.properties
2025-06-18 17:56:31,519 INFO  [main] com.qs.Pages.Insights - This Method helps to handle the cookies Banner
2025-06-18 17:56:32,252 INFO  [main] com.qs.Pages.Insights - This method helps to Identify the Broken Images and Display the url in Console
2025-06-18 18:12:03,777 INFO  [main] com.qs.utility.PropertyUtils - Loading property file: D:\QSAutomationFramework/src/test/java/com/qs/platform/properties/Config.properties
2025-06-18 18:12:03,830 INFO  [main] org.testng.internal.Utils - [Utils] MethodGroupsHelper.collectMethodsByGroup() took 0 ms.
2025-06-18 18:12:03,836 INFO  [main] org.testng.internal.Utils - [Utils] MethodGroupsHelper.sortMethods() took 2 ms.
2025-06-18 18:12:03,839 INFO  [main] org.testng.internal.Utils - [Utils] MethodGroupsHelper.collectMethodsByGroup() took 0 ms.
2025-06-18 18:12:03,839 INFO  [main] org.testng.internal.Utils - [Utils] MethodGroupsHelper.sortMethods() took 0 ms.
2025-06-18 18:12:03,841 INFO  [main] org.testng.internal.Utils - [Utils] MethodGroupsHelper.collectMethodsByGroup() took 0 ms.
2025-06-18 18:12:03,841 INFO  [main] org.testng.internal.Utils - [Utils] MethodGroupsHelper.sortMethods() took 0 ms.
2025-06-18 18:12:03,842 INFO  [main] org.testng.internal.Utils - [Utils] MethodGroupsHelper.collectMethodsByGroup() took 0 ms.
2025-06-18 18:12:03,843 INFO  [main] org.testng.internal.Utils - [Utils] MethodGroupsHelper.sortMethods() took 0 ms.
2025-06-18 18:12:03,844 INFO  [main] org.testng.internal.Utils - [Utils] MethodGroupsHelper.collectMethodsByGroup() took 0 ms.
2025-06-18 18:12:03,844 INFO  [main] org.testng.internal.Utils - [Utils] MethodGroupsHelper.sortMethods() took 0 ms.
2025-06-18 18:12:03,845 INFO  [main] org.testng.internal.Utils - [Utils] MethodGroupsHelper.collectMethodsByGroup() took 0 ms.
2025-06-18 18:12:03,846 INFO  [main] org.testng.internal.Utils - [Utils] MethodGroupsHelper.sortMethods() took 0 ms.
2025-06-18 18:12:03,847 INFO  [main] org.testng.internal.Utils - [Utils] MethodGroupsHelper.collectMethodsByGroup() took 0 ms.
2025-06-18 18:12:03,847 INFO  [main] org.testng.internal.Utils - [Utils] MethodGroupsHelper.sortMethods() took 0 ms.
2025-06-18 18:12:03,849 INFO  [main] org.testng.internal.Utils - [Utils] MethodGroupsHelper.collectMethodsByGroup() took 0 ms.
2025-06-18 18:12:03,850 INFO  [main] org.testng.internal.Utils - [Utils] MethodGroupsHelper.sortMethods() took 0 ms.
2025-06-18 18:12:03,862 INFO  [main] org.testng.internal.Utils - [Utils] MethodGroupsHelper.collectMethodsByGroup() took 4 ms.
2025-06-18 18:12:03,881 INFO  [main] org.testng.internal.Utils - [Utils] MethodGroupsHelper.sortMethods() took 17 ms.
2025-06-18 18:12:03,884 INFO  [main] org.testng.internal.Utils - [Utils] MethodGroupsHelper.collectMethodsByGroup() took 1 ms.
2025-06-18 18:12:03,884 INFO  [main] org.testng.internal.Utils - [Utils] MethodGroupsHelper.sortMethods() took 0 ms.
2025-06-18 18:12:03,891 INFO  [main] org.testng.internal.Utils - [Utils] MethodGroupsHelper.collectMethodsByGroup() took 0 ms.
2025-06-18 18:12:03,891 INFO  [main] org.testng.internal.Utils - [Utils] MethodGroupsHelper.sortMethods() took 0 ms.
2025-06-18 18:12:03,892 INFO  [main] org.testng.internal.Utils - [Utils] MethodGroupsHelper.collectMethodsByGroup() took 0 ms.
2025-06-18 18:12:03,892 INFO  [main] org.testng.internal.Utils - [Utils] MethodGroupsHelper.sortMethods() took 0 ms.
2025-06-18 18:12:03,893 INFO  [main] org.testng.internal.Utils - [Utils] MethodGroupsHelper.collectMethodsByGroup() took 0 ms.
2025-06-18 18:12:03,894 INFO  [main] org.testng.internal.Utils - [Utils] MethodGroupsHelper.sortMethods() took 0 ms.
2025-06-18 18:12:03,896 INFO  [main] org.testng.internal.Utils - [Utils] MethodGroupsHelper.collectMethodsByGroup() took 0 ms.
2025-06-18 18:12:03,896 INFO  [main] org.testng.internal.Utils - [Utils] MethodGroupsHelper.sortMethods() took 0 ms.
2025-06-18 18:12:03,896 INFO  [main] org.testng.internal.Utils - [Utils] MethodGroupsHelper.collectMethodsByGroup() took 0 ms.
2025-06-18 18:12:03,897 INFO  [main] org.testng.internal.Utils - [Utils] MethodGroupsHelper.sortMethods() took 0 ms.
2025-06-18 18:12:03,903 INFO  [main] org.testng.internal.Utils - [TestNG] Running:
  D:\QSAutomationFramework\testng.xml

2025-06-18 18:12:03,924 INFO  [main] org.testng.internal.Utils - [Utils] DynamicGraphHelper.createDynamicGraph() took 6 ms.
2025-06-18 18:12:12,444 INFO  [main] com.qs.utility.PropertyUtils - Loading property file: D:\QSAutomationFramework/src/test/java/com/qs/platform/ObjectRepository/Insight.properties
2025-06-18 18:12:12,446 INFO  [main] com.qs.utility.PropertyUtils - Loading property file: D:\QSAutomationFramework/src/test/java/com/qs/platform/properties/Config.properties
2025-06-18 18:12:12,450 INFO  [main] com.qs.Pages.Insights - This Method helps to handle the cookies Banner
2025-06-18 18:12:13,333 INFO  [main] com.qs.Pages.Insights - This method helps to Identify the Broken Images and Display the url in Console
2025-06-18 18:36:41,560 INFO  [main] com.qs.utility.PropertyUtils - Loading property file: D:\QSAutomationFramework/src/test/java/com/qs/platform/properties/Config.properties
2025-06-18 18:36:41,625 INFO  [main] org.testng.internal.Utils - [Utils] MethodGroupsHelper.collectMethodsByGroup() took 1 ms.
2025-06-18 18:36:41,631 INFO  [main] org.testng.internal.Utils - [Utils] MethodGroupsHelper.sortMethods() took 2 ms.
2025-06-18 18:36:41,634 INFO  [main] org.testng.internal.Utils - [Utils] MethodGroupsHelper.collectMethodsByGroup() took 0 ms.
2025-06-18 18:36:41,634 INFO  [main] org.testng.internal.Utils - [Utils] MethodGroupsHelper.sortMethods() took 0 ms.
2025-06-18 18:36:41,635 INFO  [main] org.testng.internal.Utils - [Utils] MethodGroupsHelper.collectMethodsByGroup() took 0 ms.
2025-06-18 18:36:41,636 INFO  [main] org.testng.internal.Utils - [Utils] MethodGroupsHelper.sortMethods() took 0 ms.
2025-06-18 18:36:41,637 INFO  [main] org.testng.internal.Utils - [Utils] MethodGroupsHelper.collectMethodsByGroup() took 0 ms.
2025-06-18 18:36:41,638 INFO  [main] org.testng.internal.Utils - [Utils] MethodGroupsHelper.sortMethods() took 0 ms.
2025-06-18 18:36:41,639 INFO  [main] org.testng.internal.Utils - [Utils] MethodGroupsHelper.collectMethodsByGroup() took 0 ms.
2025-06-18 18:36:41,639 INFO  [main] org.testng.internal.Utils - [Utils] MethodGroupsHelper.sortMethods() took 0 ms.
2025-06-18 18:36:41,641 INFO  [main] org.testng.internal.Utils - [Utils] MethodGroupsHelper.collectMethodsByGroup() took 0 ms.
2025-06-18 18:36:41,641 INFO  [main] org.testng.internal.Utils - [Utils] MethodGroupsHelper.sortMethods() took 0 ms.
2025-06-18 18:36:41,643 INFO  [main] org.testng.internal.Utils - [Utils] MethodGroupsHelper.collectMethodsByGroup() took 0 ms.
2025-06-18 18:36:41,643 INFO  [main] org.testng.internal.Utils - [Utils] MethodGroupsHelper.sortMethods() took 0 ms.
2025-06-18 18:36:41,644 INFO  [main] org.testng.internal.Utils - [Utils] MethodGroupsHelper.collectMethodsByGroup() took 0 ms.
2025-06-18 18:36:41,648 INFO  [main] org.testng.internal.Utils - [Utils] MethodGroupsHelper.sortMethods() took 0 ms.
2025-06-18 18:36:41,663 INFO  [main] org.testng.internal.Utils - [Utils] MethodGroupsHelper.collectMethodsByGroup() took 7 ms.
2025-06-18 18:36:41,683 INFO  [main] org.testng.internal.Utils - [Utils] MethodGroupsHelper.sortMethods() took 19 ms.
2025-06-18 18:36:41,687 INFO  [main] org.testng.internal.Utils - [Utils] MethodGroupsHelper.collectMethodsByGroup() took 0 ms.
2025-06-18 18:36:41,688 INFO  [main] org.testng.internal.Utils - [Utils] MethodGroupsHelper.sortMethods() took 0 ms.
2025-06-18 18:36:41,696 INFO  [main] org.testng.internal.Utils - [Utils] MethodGroupsHelper.collectMethodsByGroup() took 0 ms.
2025-06-18 18:36:41,697 INFO  [main] org.testng.internal.Utils - [Utils] MethodGroupsHelper.sortMethods() took 0 ms.
2025-06-18 18:36:41,697 INFO  [main] org.testng.internal.Utils - [Utils] MethodGroupsHelper.collectMethodsByGroup() took 0 ms.
2025-06-18 18:36:41,698 INFO  [main] org.testng.internal.Utils - [Utils] MethodGroupsHelper.sortMethods() took 0 ms.
2025-06-18 18:36:41,700 INFO  [main] org.testng.internal.Utils - [Utils] MethodGroupsHelper.collectMethodsByGroup() took 0 ms.
2025-06-18 18:36:41,702 INFO  [main] org.testng.internal.Utils - [Utils] MethodGroupsHelper.sortMethods() took 0 ms.
2025-06-18 18:36:41,705 INFO  [main] org.testng.internal.Utils - [Utils] MethodGroupsHelper.collectMethodsByGroup() took 0 ms.
2025-06-18 18:36:41,705 INFO  [main] org.testng.internal.Utils - [Utils] MethodGroupsHelper.sortMethods() took 0 ms.
2025-06-18 18:36:41,706 INFO  [main] org.testng.internal.Utils - [Utils] MethodGroupsHelper.collectMethodsByGroup() took 0 ms.
2025-06-18 18:36:41,706 INFO  [main] org.testng.internal.Utils - [Utils] MethodGroupsHelper.sortMethods() took 0 ms.
2025-06-18 18:36:41,717 INFO  [main] org.testng.internal.Utils - [TestNG] Running:
  D:\QSAutomationFramework\testng.xml

2025-06-18 18:36:41,745 INFO  [main] org.testng.internal.Utils - [Utils] DynamicGraphHelper.createDynamicGraph() took 9 ms.
2025-06-18 18:36:51,011 INFO  [main] com.qs.utility.PropertyUtils - Loading property file: D:\QSAutomationFramework/src/test/java/com/qs/platform/ObjectRepository/Insight.properties
2025-06-18 18:36:51,014 INFO  [main] com.qs.utility.PropertyUtils - Loading property file: D:\QSAutomationFramework/src/test/java/com/qs/platform/properties/Config.properties
2025-06-18 18:36:51,018 INFO  [main] com.qs.Pages.Insights - This Method helps to handle the cookies Banner
2025-06-18 18:36:52,172 INFO  [main] com.qs.Pages.Insights - This method helps to Identify the Broken Images and Display the url in Console
2025-06-18 18:40:30,333 INFO  [main] com.qs.utility.PropertyUtils - Loading property file: D:\QSAutomationFramework/src/test/java/com/qs/platform/properties/Config.properties
2025-06-18 18:40:30,374 INFO  [main] org.testng.internal.Utils - [Utils] MethodGroupsHelper.collectMethodsByGroup() took 1 ms.
2025-06-18 18:40:30,377 INFO  [main] org.testng.internal.Utils - [Utils] MethodGroupsHelper.sortMethods() took 1 ms.
2025-06-18 18:40:30,379 INFO  [main] org.testng.internal.Utils - [Utils] MethodGroupsHelper.collectMethodsByGroup() took 0 ms.
2025-06-18 18:40:30,379 INFO  [main] org.testng.internal.Utils - [Utils] MethodGroupsHelper.sortMethods() took 0 ms.
2025-06-18 18:40:30,380 INFO  [main] org.testng.internal.Utils - [Utils] MethodGroupsHelper.collectMethodsByGroup() took 0 ms.
2025-06-18 18:40:30,381 INFO  [main] org.testng.internal.Utils - [Utils] MethodGroupsHelper.sortMethods() took 0 ms.
2025-06-18 18:40:30,382 INFO  [main] org.testng.internal.Utils - [Utils] MethodGroupsHelper.collectMethodsByGroup() took 0 ms.
2025-06-18 18:40:30,382 INFO  [main] org.testng.internal.Utils - [Utils] MethodGroupsHelper.sortMethods() took 0 ms.
2025-06-18 18:40:30,383 INFO  [main] org.testng.internal.Utils - [Utils] MethodGroupsHelper.collectMethodsByGroup() took 0 ms.
2025-06-18 18:40:30,383 INFO  [main] org.testng.internal.Utils - [Utils] MethodGroupsHelper.sortMethods() took 0 ms.
2025-06-18 18:40:30,384 INFO  [main] org.testng.internal.Utils - [Utils] MethodGroupsHelper.collectMethodsByGroup() took 0 ms.
2025-06-18 18:40:30,385 INFO  [main] org.testng.internal.Utils - [Utils] MethodGroupsHelper.sortMethods() took 0 ms.
2025-06-18 18:40:30,386 INFO  [main] org.testng.internal.Utils - [Utils] MethodGroupsHelper.collectMethodsByGroup() took 0 ms.
2025-06-18 18:40:30,386 INFO  [main] org.testng.internal.Utils - [Utils] MethodGroupsHelper.sortMethods() took 0 ms.
2025-06-18 18:40:30,387 INFO  [main] org.testng.internal.Utils - [Utils] MethodGroupsHelper.collectMethodsByGroup() took 0 ms.
2025-06-18 18:40:30,389 INFO  [main] org.testng.internal.Utils - [Utils] MethodGroupsHelper.sortMethods() took 0 ms.
2025-06-18 18:40:30,399 INFO  [main] org.testng.internal.Utils - [Utils] MethodGroupsHelper.collectMethodsByGroup() took 4 ms.
2025-06-18 18:40:30,412 INFO  [main] org.testng.internal.Utils - [Utils] MethodGroupsHelper.sortMethods() took 13 ms.
2025-06-18 18:40:30,414 INFO  [main] org.testng.internal.Utils - [Utils] MethodGroupsHelper.collectMethodsByGroup() took 0 ms.
2025-06-18 18:40:30,415 INFO  [main] org.testng.internal.Utils - [Utils] MethodGroupsHelper.sortMethods() took 0 ms.
2025-06-18 18:40:30,420 INFO  [main] org.testng.internal.Utils - [Utils] MethodGroupsHelper.collectMethodsByGroup() took 0 ms.
2025-06-18 18:40:30,420 INFO  [main] org.testng.internal.Utils - [Utils] MethodGroupsHelper.sortMethods() took 0 ms.
2025-06-18 18:40:30,420 INFO  [main] org.testng.internal.Utils - [Utils] MethodGroupsHelper.collectMethodsByGroup() took 0 ms.
2025-06-18 18:40:30,421 INFO  [main] org.testng.internal.Utils - [Utils] MethodGroupsHelper.sortMethods() took 0 ms.
2025-06-18 18:40:30,422 INFO  [main] org.testng.internal.Utils - [Utils] MethodGroupsHelper.collectMethodsByGroup() took 1 ms.
2025-06-18 18:40:30,423 INFO  [main] org.testng.internal.Utils - [Utils] MethodGroupsHelper.sortMethods() took 1 ms.
2025-06-18 18:40:30,424 INFO  [main] org.testng.internal.Utils - [Utils] MethodGroupsHelper.collectMethodsByGroup() took 0 ms.
2025-06-18 18:40:30,425 INFO  [main] org.testng.internal.Utils - [Utils] MethodGroupsHelper.sortMethods() took 0 ms.
2025-06-18 18:40:30,425 INFO  [main] org.testng.internal.Utils - [Utils] MethodGroupsHelper.collectMethodsByGroup() took 0 ms.
2025-06-18 18:40:30,425 INFO  [main] org.testng.internal.Utils - [Utils] MethodGroupsHelper.sortMethods() took 0 ms.
2025-06-18 18:40:30,433 INFO  [main] org.testng.internal.Utils - [TestNG] Running:
  D:\QSAutomationFramework\testng.xml

2025-06-18 18:40:30,454 INFO  [main] org.testng.internal.Utils - [Utils] DynamicGraphHelper.createDynamicGraph() took 5 ms.
2025-06-18 18:40:38,212 INFO  [main] com.qs.utility.PropertyUtils - Loading property file: D:\QSAutomationFramework/src/test/java/com/qs/platform/ObjectRepository/Login.properties
2025-06-18 18:40:38,214 INFO  [main] com.qs.utility.PropertyUtils - Loading property file: D:\QSAutomationFramework/src/test/java/com/qs/platform/properties/Config.properties
2025-06-18 18:40:38,216 INFO  [main] com.qs.utility.PropertyUtils - Loading property file: D:\QSAutomationFramework/src/test/java/com/qs/platform/properties/Config.properties
2025-06-18 18:40:38,221 INFO  [main] com.qs.Pages.Login - This Method helps to handle the cookies Banner
2025-06-18 18:40:38,998 INFO  [main] com.qs.Pages.Login - This Method helps to click on the Required Portal for Login
2025-06-18 18:40:39,221 INFO  [main] com.qs.Pages.Login - This Method helps to click on the Required Portal for Login(Qs.Hb/Event portal)
2025-06-18 18:40:41,254 INFO  [main] com.qs.utility.PropertyUtils - Loading property file: D:\QSAutomationFramework/src/test/java/com/qs/platform/properties/Config.properties
2025-06-18 18:40:41,735 INFO  [main] org.testng.internal.Utils - [TestNG] Time taken by org.testng.internal.ExitCodeListener@1433046b: 0 ms
2025-06-18 18:40:51,098 INFO  [main] com.qs.utility.PropertyUtils - Loading property file: D:\QSAutomationFramework/src/test/java/com/qs/platform/properties/Config.properties
2025-06-18 18:40:51,144 INFO  [main] org.testng.internal.Utils - [Utils] MethodGroupsHelper.collectMethodsByGroup() took 1 ms.
2025-06-18 18:40:51,148 INFO  [main] org.testng.internal.Utils - [Utils] MethodGroupsHelper.sortMethods() took 2 ms.
2025-06-18 18:40:51,152 INFO  [main] org.testng.internal.Utils - [Utils] MethodGroupsHelper.collectMethodsByGroup() took 0 ms.
2025-06-18 18:40:51,152 INFO  [main] org.testng.internal.Utils - [Utils] MethodGroupsHelper.sortMethods() took 0 ms.
2025-06-18 18:40:51,153 INFO  [main] org.testng.internal.Utils - [Utils] MethodGroupsHelper.collectMethodsByGroup() took 0 ms.
2025-06-18 18:40:51,153 INFO  [main] org.testng.internal.Utils - [Utils] MethodGroupsHelper.sortMethods() took 0 ms.
2025-06-18 18:40:51,154 INFO  [main] org.testng.internal.Utils - [Utils] MethodGroupsHelper.collectMethodsByGroup() took 0 ms.
2025-06-18 18:40:51,155 INFO  [main] org.testng.internal.Utils - [Utils] MethodGroupsHelper.sortMethods() took 0 ms.
2025-06-18 18:40:51,156 INFO  [main] org.testng.internal.Utils - [Utils] MethodGroupsHelper.collectMethodsByGroup() took 0 ms.
2025-06-18 18:40:51,156 INFO  [main] org.testng.internal.Utils - [Utils] MethodGroupsHelper.sortMethods() took 0 ms.
2025-06-18 18:40:51,157 INFO  [main] org.testng.internal.Utils - [Utils] MethodGroupsHelper.collectMethodsByGroup() took 0 ms.
2025-06-18 18:40:51,157 INFO  [main] org.testng.internal.Utils - [Utils] MethodGroupsHelper.sortMethods() took 0 ms.
2025-06-18 18:40:51,158 INFO  [main] org.testng.internal.Utils - [Utils] MethodGroupsHelper.collectMethodsByGroup() took 0 ms.
2025-06-18 18:40:51,158 INFO  [main] org.testng.internal.Utils - [Utils] MethodGroupsHelper.sortMethods() took 0 ms.
2025-06-18 18:40:51,159 INFO  [main] org.testng.internal.Utils - [Utils] MethodGroupsHelper.collectMethodsByGroup() took 0 ms.
2025-06-18 18:40:51,162 INFO  [main] org.testng.internal.Utils - [Utils] MethodGroupsHelper.sortMethods() took 0 ms.
2025-06-18 18:40:51,174 INFO  [main] org.testng.internal.Utils - [Utils] MethodGroupsHelper.collectMethodsByGroup() took 6 ms.
2025-06-18 18:40:51,192 INFO  [main] org.testng.internal.Utils - [Utils] MethodGroupsHelper.sortMethods() took 17 ms.
2025-06-18 18:40:51,195 INFO  [main] org.testng.internal.Utils - [Utils] MethodGroupsHelper.collectMethodsByGroup() took 0 ms.
2025-06-18 18:40:51,196 INFO  [main] org.testng.internal.Utils - [Utils] MethodGroupsHelper.sortMethods() took 0 ms.
2025-06-18 18:40:51,203 INFO  [main] org.testng.internal.Utils - [Utils] MethodGroupsHelper.collectMethodsByGroup() took 0 ms.
2025-06-18 18:40:51,204 INFO  [main] org.testng.internal.Utils - [Utils] MethodGroupsHelper.sortMethods() took 0 ms.
2025-06-18 18:40:51,204 INFO  [main] org.testng.internal.Utils - [Utils] MethodGroupsHelper.collectMethodsByGroup() took 0 ms.
2025-06-18 18:40:51,204 INFO  [main] org.testng.internal.Utils - [Utils] MethodGroupsHelper.sortMethods() took 0 ms.
2025-06-18 18:40:51,206 INFO  [main] org.testng.internal.Utils - [Utils] MethodGroupsHelper.collectMethodsByGroup() took 1 ms.
2025-06-18 18:40:51,207 INFO  [main] org.testng.internal.Utils - [Utils] MethodGroupsHelper.sortMethods() took 1 ms.
2025-06-18 18:40:51,209 INFO  [main] org.testng.internal.Utils - [Utils] MethodGroupsHelper.collectMethodsByGroup() took 0 ms.
2025-06-18 18:40:51,209 INFO  [main] org.testng.internal.Utils - [Utils] MethodGroupsHelper.sortMethods() took 0 ms.
2025-06-18 18:40:51,209 INFO  [main] org.testng.internal.Utils - [Utils] MethodGroupsHelper.collectMethodsByGroup() took 0 ms.
2025-06-18 18:40:51,211 INFO  [main] org.testng.internal.Utils - [Utils] MethodGroupsHelper.sortMethods() took 1 ms.
2025-06-18 18:40:51,216 INFO  [main] org.testng.internal.Utils - [TestNG] Running:
  D:\QSAutomationFramework\testng.xml

2025-06-18 18:40:51,242 INFO  [main] org.testng.internal.Utils - [Utils] DynamicGraphHelper.createDynamicGraph() took 10 ms.
2025-06-18 18:40:59,399 INFO  [main] com.qs.utility.PropertyUtils - Loading property file: D:\QSAutomationFramework/src/test/java/com/qs/platform/ObjectRepository/home.properties
2025-06-18 18:40:59,405 INFO  [main] com.qs.utility.PropertyUtils - Loading property file: D:\QSAutomationFramework/src/test/java/com/qs/platform/properties/Config.properties
2025-06-18 18:40:59,415 INFO  [main] com.qs.Pages.Home - This Method helps to handle the cookies Banner
2025-06-18 18:41:00,483 INFO  [main] com.qs.Pages.Home - This Method helps to validate The Broken Links
2025-06-18 18:41:28,763 INFO  [main] com.qs.utility.PropertyUtils - Loading property file: D:\QSAutomationFramework/src/test/java/com/qs/platform/properties/Config.properties
2025-06-18 18:41:29,379 INFO  [main] org.testng.internal.Utils - [TestNG] Time taken by org.testng.internal.ExitCodeListener@658255aa: 0 ms
2025-06-18 18:41:40,072 INFO  [main] com.qs.utility.PropertyUtils - Loading property file: D:\QSAutomationFramework/src/test/java/com/qs/platform/properties/Config.properties
2025-06-18 18:41:40,117 INFO  [main] org.testng.internal.Utils - [Utils] MethodGroupsHelper.collectMethodsByGroup() took 1 ms.
2025-06-18 18:41:40,121 INFO  [main] org.testng.internal.Utils - [Utils] MethodGroupsHelper.sortMethods() took 1 ms.
2025-06-18 18:41:40,123 INFO  [main] org.testng.internal.Utils - [Utils] MethodGroupsHelper.collectMethodsByGroup() took 0 ms.
2025-06-18 18:41:40,123 INFO  [main] org.testng.internal.Utils - [Utils] MethodGroupsHelper.sortMethods() took 0 ms.
2025-06-18 18:41:40,124 INFO  [main] org.testng.internal.Utils - [Utils] MethodGroupsHelper.collectMethodsByGroup() took 0 ms.
2025-06-18 18:41:40,124 INFO  [main] org.testng.internal.Utils - [Utils] MethodGroupsHelper.sortMethods() took 0 ms.
2025-06-18 18:41:40,125 INFO  [main] org.testng.internal.Utils - [Utils] MethodGroupsHelper.collectMethodsByGroup() took 0 ms.
2025-06-18 18:41:40,126 INFO  [main] org.testng.internal.Utils - [Utils] MethodGroupsHelper.sortMethods() took 0 ms.
2025-06-18 18:41:40,126 INFO  [main] org.testng.internal.Utils - [Utils] MethodGroupsHelper.collectMethodsByGroup() took 0 ms.
2025-06-18 18:41:40,127 INFO  [main] org.testng.internal.Utils - [Utils] MethodGroupsHelper.sortMethods() took 0 ms.
2025-06-18 18:41:40,128 INFO  [main] org.testng.internal.Utils - [Utils] MethodGroupsHelper.collectMethodsByGroup() took 0 ms.
2025-06-18 18:41:40,128 INFO  [main] org.testng.internal.Utils - [Utils] MethodGroupsHelper.sortMethods() took 0 ms.
2025-06-18 18:41:40,128 INFO  [main] org.testng.internal.Utils - [Utils] MethodGroupsHelper.collectMethodsByGroup() took 0 ms.
2025-06-18 18:41:40,129 INFO  [main] org.testng.internal.Utils - [Utils] MethodGroupsHelper.sortMethods() took 0 ms.
2025-06-18 18:41:40,131 INFO  [main] org.testng.internal.Utils - [Utils] MethodGroupsHelper.collectMethodsByGroup() took 1 ms.
2025-06-18 18:41:40,132 INFO  [main] org.testng.internal.Utils - [Utils] MethodGroupsHelper.sortMethods() took 0 ms.
2025-06-18 18:41:40,142 INFO  [main] org.testng.internal.Utils - [Utils] MethodGroupsHelper.collectMethodsByGroup() took 3 ms.
2025-06-18 18:41:40,155 INFO  [main] org.testng.internal.Utils - [Utils] MethodGroupsHelper.sortMethods() took 13 ms.
2025-06-18 18:41:40,158 INFO  [main] org.testng.internal.Utils - [Utils] MethodGroupsHelper.collectMethodsByGroup() took 0 ms.
2025-06-18 18:41:40,159 INFO  [main] org.testng.internal.Utils - [Utils] MethodGroupsHelper.sortMethods() took 0 ms.
2025-06-18 18:41:40,166 INFO  [main] org.testng.internal.Utils - [Utils] MethodGroupsHelper.collectMethodsByGroup() took 0 ms.
2025-06-18 18:41:40,167 INFO  [main] org.testng.internal.Utils - [Utils] MethodGroupsHelper.sortMethods() took 0 ms.
2025-06-18 18:41:40,167 INFO  [main] org.testng.internal.Utils - [Utils] MethodGroupsHelper.collectMethodsByGroup() took 0 ms.
2025-06-18 18:41:40,167 INFO  [main] org.testng.internal.Utils - [Utils] MethodGroupsHelper.sortMethods() took 0 ms.
2025-06-18 18:41:40,169 INFO  [main] org.testng.internal.Utils - [Utils] MethodGroupsHelper.collectMethodsByGroup() took 1 ms.
2025-06-18 18:41:40,169 INFO  [main] org.testng.internal.Utils - [Utils] MethodGroupsHelper.sortMethods() took 0 ms.
2025-06-18 18:41:40,172 INFO  [main] org.testng.internal.Utils - [Utils] MethodGroupsHelper.collectMethodsByGroup() took 0 ms.
2025-06-18 18:41:40,172 INFO  [main] org.testng.internal.Utils - [Utils] MethodGroupsHelper.sortMethods() took 0 ms.
2025-06-18 18:41:40,172 INFO  [main] org.testng.internal.Utils - [Utils] MethodGroupsHelper.collectMethodsByGroup() took 0 ms.
2025-06-18 18:41:40,172 INFO  [main] org.testng.internal.Utils - [Utils] MethodGroupsHelper.sortMethods() took 0 ms.
2025-06-18 18:41:40,180 INFO  [main] org.testng.internal.Utils - [TestNG] Running:
  D:\QSAutomationFramework\testng.xml

2025-06-18 18:41:40,205 INFO  [main] org.testng.internal.Utils - [Utils] DynamicGraphHelper.createDynamicGraph() took 7 ms.
2025-06-18 18:41:48,528 INFO  [main] com.qs.utility.PropertyUtils - Loading property file: D:\QSAutomationFramework/src/test/java/com/qs/platform/ObjectRepository/Insight.properties
2025-06-18 18:41:48,530 INFO  [main] com.qs.utility.PropertyUtils - Loading property file: D:\QSAutomationFramework/src/test/java/com/qs/platform/properties/Config.properties
2025-06-18 18:41:48,535 INFO  [main] com.qs.Pages.Insights - This Method helps to handle the cookies Banner
2025-06-18 18:41:49,305 INFO  [main] com.qs.Pages.Insights - This method helps to select QS News Value From Topics DropDown
2025-06-18 18:41:49,502 INFO  [main] com.qs.Pages.Insights - This Method helps to capture and Display the dates in the console
2025-06-18 18:41:54,923 INFO  [main] com.qs.utility.PropertyUtils - Loading property file: D:\QSAutomationFramework/src/test/java/com/qs/platform/properties/Config.properties
2025-06-18 18:42:02,555 INFO  [main] com.qs.Pages.Insights - This Method helps to handle the cookies Banner
2025-06-18 18:42:03,332 INFO  [main] com.qs.Pages.Insights - This method helps to select QS News Value From Topics DropDown
2025-06-18 18:42:03,524 INFO  [main] com.qs.Pages.Insights - This Method helps to capture and Display the dates in the console
2025-06-18 18:42:09,679 INFO  [main] org.testng.internal.Utils - [TestNG] Time taken by org.testng.internal.ExitCodeListener@70d2e40b: 0 ms
2025-06-18 18:43:01,477 INFO  [main] com.qs.utility.PropertyUtils - Loading property file: D:\QSAutomationFramework/src/test/java/com/qs/platform/properties/Config.properties
2025-06-18 18:43:01,540 INFO  [main] org.testng.internal.Utils - [Utils] MethodGroupsHelper.collectMethodsByGroup() took 0 ms.
2025-06-18 18:43:01,546 INFO  [main] org.testng.internal.Utils - [Utils] MethodGroupsHelper.sortMethods() took 4 ms.
2025-06-18 18:43:01,549 INFO  [main] org.testng.internal.Utils - [Utils] MethodGroupsHelper.collectMethodsByGroup() took 0 ms.
2025-06-18 18:43:01,550 INFO  [main] org.testng.internal.Utils - [Utils] MethodGroupsHelper.sortMethods() took 0 ms.
2025-06-18 18:43:01,551 INFO  [main] org.testng.internal.Utils - [Utils] MethodGroupsHelper.collectMethodsByGroup() took 0 ms.
2025-06-18 18:43:01,551 INFO  [main] org.testng.internal.Utils - [Utils] MethodGroupsHelper.sortMethods() took 0 ms.
2025-06-18 18:43:01,553 INFO  [main] org.testng.internal.Utils - [Utils] MethodGroupsHelper.collectMethodsByGroup() took 0 ms.
2025-06-18 18:43:01,553 INFO  [main] org.testng.internal.Utils - [Utils] MethodGroupsHelper.sortMethods() took 0 ms.
2025-06-18 18:43:01,554 INFO  [main] org.testng.internal.Utils - [Utils] MethodGroupsHelper.collectMethodsByGroup() took 0 ms.
2025-06-18 18:43:01,555 INFO  [main] org.testng.internal.Utils - [Utils] MethodGroupsHelper.sortMethods() took 0 ms.
2025-06-18 18:43:01,556 INFO  [main] org.testng.internal.Utils - [Utils] MethodGroupsHelper.collectMethodsByGroup() took 0 ms.
2025-06-18 18:43:01,556 INFO  [main] org.testng.internal.Utils - [Utils] MethodGroupsHelper.sortMethods() took 0 ms.
2025-06-18 18:43:01,557 INFO  [main] org.testng.internal.Utils - [Utils] MethodGroupsHelper.collectMethodsByGroup() took 0 ms.
2025-06-18 18:43:01,558 INFO  [main] org.testng.internal.Utils - [Utils] MethodGroupsHelper.sortMethods() took 0 ms.
2025-06-18 18:43:01,559 INFO  [main] org.testng.internal.Utils - [Utils] MethodGroupsHelper.collectMethodsByGroup() took 0 ms.
2025-06-18 18:43:01,562 INFO  [main] org.testng.internal.Utils - [Utils] MethodGroupsHelper.sortMethods() took 0 ms.
2025-06-18 18:43:01,577 INFO  [main] org.testng.internal.Utils - [Utils] MethodGroupsHelper.collectMethodsByGroup() took 5 ms.
2025-06-18 18:43:01,596 INFO  [main] org.testng.internal.Utils - [Utils] MethodGroupsHelper.sortMethods() took 18 ms.
2025-06-18 18:43:01,599 INFO  [main] org.testng.internal.Utils - [Utils] MethodGroupsHelper.collectMethodsByGroup() took 0 ms.
2025-06-18 18:43:01,600 INFO  [main] org.testng.internal.Utils - [Utils] MethodGroupsHelper.sortMethods() took 0 ms.
2025-06-18 18:43:01,607 INFO  [main] org.testng.internal.Utils - [Utils] MethodGroupsHelper.collectMethodsByGroup() took 0 ms.
2025-06-18 18:43:01,607 INFO  [main] org.testng.internal.Utils - [Utils] MethodGroupsHelper.sortMethods() took 0 ms.
2025-06-18 18:43:01,608 INFO  [main] org.testng.internal.Utils - [Utils] MethodGroupsHelper.collectMethodsByGroup() took 0 ms.
2025-06-18 18:43:01,608 INFO  [main] org.testng.internal.Utils - [Utils] MethodGroupsHelper.sortMethods() took 0 ms.
2025-06-18 18:43:01,610 INFO  [main] org.testng.internal.Utils - [Utils] MethodGroupsHelper.collectMethodsByGroup() took 1 ms.
2025-06-18 18:43:01,611 INFO  [main] org.testng.internal.Utils - [Utils] MethodGroupsHelper.sortMethods() took 1 ms.
2025-06-18 18:43:01,613 INFO  [main] org.testng.internal.Utils - [Utils] MethodGroupsHelper.collectMethodsByGroup() took 0 ms.
2025-06-18 18:43:01,614 INFO  [main] org.testng.internal.Utils - [Utils] MethodGroupsHelper.sortMethods() took 0 ms.
2025-06-18 18:43:01,614 INFO  [main] org.testng.internal.Utils - [Utils] MethodGroupsHelper.collectMethodsByGroup() took 0 ms.
2025-06-18 18:43:01,614 INFO  [main] org.testng.internal.Utils - [Utils] MethodGroupsHelper.sortMethods() took 0 ms.
2025-06-18 18:43:01,622 INFO  [main] org.testng.internal.Utils - [TestNG] Running:
  D:\QSAutomationFramework\testng.xml

2025-06-18 18:43:01,649 INFO  [main] org.testng.internal.Utils - [Utils] DynamicGraphHelper.createDynamicGraph() took 9 ms.
2025-06-18 18:43:09,893 INFO  [main] com.qs.utility.PropertyUtils - Loading property file: D:\QSAutomationFramework/src/test/java/com/qs/platform/ObjectRepository/Insight.properties
2025-06-18 18:43:09,896 INFO  [main] com.qs.utility.PropertyUtils - Loading property file: D:\QSAutomationFramework/src/test/java/com/qs/platform/properties/Config.properties
2025-06-18 18:43:09,903 INFO  [main] com.qs.Pages.Insights - This Method helps to handle the cookies Banner
2025-06-18 18:43:10,644 INFO  [main] com.qs.Pages.Insights - This method helps to select QS News Value From Topics DropDown
2025-06-18 18:43:10,846 INFO  [main] com.qs.Pages.Insights - This Method helps to capture and Display the dates in the console
2025-06-18 18:43:16,247 INFO  [main] com.qs.utility.PropertyUtils - Loading property file: D:\QSAutomationFramework/src/test/java/com/qs/platform/properties/Config.properties
2025-06-18 18:45:02,666 INFO  [main] com.qs.utility.PropertyUtils - Loading property file: D:\QSAutomationFramework/src/test/java/com/qs/platform/properties/Config.properties
2025-06-18 18:45:02,743 INFO  [main] org.testng.internal.Utils - [Utils] MethodGroupsHelper.collectMethodsByGroup() took 0 ms.
2025-06-18 18:45:02,750 INFO  [main] org.testng.internal.Utils - [Utils] MethodGroupsHelper.sortMethods() took 2 ms.
2025-06-18 18:45:02,753 INFO  [main] org.testng.internal.Utils - [Utils] MethodGroupsHelper.collectMethodsByGroup() took 0 ms.
2025-06-18 18:45:02,754 INFO  [main] org.testng.internal.Utils - [Utils] MethodGroupsHelper.sortMethods() took 0 ms.
2025-06-18 18:45:02,755 INFO  [main] org.testng.internal.Utils - [Utils] MethodGroupsHelper.collectMethodsByGroup() took 0 ms.
2025-06-18 18:45:02,756 INFO  [main] org.testng.internal.Utils - [Utils] MethodGroupsHelper.sortMethods() took 0 ms.
2025-06-18 18:45:02,758 INFO  [main] org.testng.internal.Utils - [Utils] MethodGroupsHelper.collectMethodsByGroup() took 0 ms.
2025-06-18 18:45:02,759 INFO  [main] org.testng.internal.Utils - [Utils] MethodGroupsHelper.sortMethods() took 0 ms.
2025-06-18 18:45:02,760 INFO  [main] org.testng.internal.Utils - [Utils] MethodGroupsHelper.collectMethodsByGroup() took 0 ms.
2025-06-18 18:45:02,761 INFO  [main] org.testng.internal.Utils - [Utils] MethodGroupsHelper.sortMethods() took 0 ms.
2025-06-18 18:45:02,763 INFO  [main] org.testng.internal.Utils - [Utils] MethodGroupsHelper.collectMethodsByGroup() took 0 ms.
2025-06-18 18:45:02,764 INFO  [main] org.testng.internal.Utils - [Utils] MethodGroupsHelper.sortMethods() took 0 ms.
2025-06-18 18:45:02,765 INFO  [main] org.testng.internal.Utils - [Utils] MethodGroupsHelper.collectMethodsByGroup() took 0 ms.
2025-06-18 18:45:02,766 INFO  [main] org.testng.internal.Utils - [Utils] MethodGroupsHelper.sortMethods() took 0 ms.
2025-06-18 18:45:02,768 INFO  [main] org.testng.internal.Utils - [Utils] MethodGroupsHelper.collectMethodsByGroup() took 0 ms.
2025-06-18 18:45:02,771 INFO  [main] org.testng.internal.Utils - [Utils] MethodGroupsHelper.sortMethods() took 0 ms.
2025-06-18 18:45:02,804 INFO  [main] org.testng.internal.Utils - [Utils] MethodGroupsHelper.collectMethodsByGroup() took 7 ms.
2025-06-18 18:45:02,831 INFO  [main] org.testng.internal.Utils - [Utils] MethodGroupsHelper.sortMethods() took 24 ms.
2025-06-18 18:45:02,834 INFO  [main] org.testng.internal.Utils - [Utils] MethodGroupsHelper.collectMethodsByGroup() took 0 ms.
2025-06-18 18:45:02,835 INFO  [main] org.testng.internal.Utils - [Utils] MethodGroupsHelper.sortMethods() took 0 ms.
2025-06-18 18:45:02,847 INFO  [main] org.testng.internal.Utils - [Utils] MethodGroupsHelper.collectMethodsByGroup() took 0 ms.
2025-06-18 18:45:02,847 INFO  [main] org.testng.internal.Utils - [Utils] MethodGroupsHelper.sortMethods() took 0 ms.
2025-06-18 18:45:02,848 INFO  [main] org.testng.internal.Utils - [Utils] MethodGroupsHelper.collectMethodsByGroup() took 0 ms.
2025-06-18 18:45:02,848 INFO  [main] org.testng.internal.Utils - [Utils] MethodGroupsHelper.sortMethods() took 0 ms.
2025-06-18 18:45:02,850 INFO  [main] org.testng.internal.Utils - [Utils] MethodGroupsHelper.collectMethodsByGroup() took 1 ms.
2025-06-18 18:45:02,852 INFO  [main] org.testng.internal.Utils - [Utils] MethodGroupsHelper.sortMethods() took 0 ms.
2025-06-18 18:45:02,857 INFO  [main] org.testng.internal.Utils - [Utils] MethodGroupsHelper.collectMethodsByGroup() took 0 ms.
2025-06-18 18:45:02,857 INFO  [main] org.testng.internal.Utils - [Utils] MethodGroupsHelper.sortMethods() took 0 ms.
2025-06-18 18:45:02,857 INFO  [main] org.testng.internal.Utils - [Utils] MethodGroupsHelper.collectMethodsByGroup() took 0 ms.
2025-06-18 18:45:02,857 INFO  [main] org.testng.internal.Utils - [Utils] MethodGroupsHelper.sortMethods() took 0 ms.
2025-06-18 18:45:02,868 INFO  [main] org.testng.internal.Utils - [TestNG] Running:
  D:\QSAutomationFramework\testng.xml

2025-06-18 18:45:02,915 INFO  [main] org.testng.internal.Utils - [Utils] DynamicGraphHelper.createDynamicGraph() took 14 ms.
2025-06-18 18:45:12,129 INFO  [main] com.qs.utility.PropertyUtils - Loading property file: D:\QSAutomationFramework/src/test/java/com/qs/platform/ObjectRepository/Insight.properties
2025-06-18 18:45:12,133 INFO  [main] com.qs.utility.PropertyUtils - Loading property file: D:\QSAutomationFramework/src/test/java/com/qs/platform/properties/Config.properties
2025-06-18 18:45:12,140 INFO  [main] com.qs.Pages.Insights - This Method helps to handle the cookies Banner
2025-06-18 18:45:12,480 INFO  [main] com.qs.Pages.Insights - This method helps to select QS News Value From Topics DropDown
2025-06-18 18:45:16,109 INFO  [main] com.qs.Pages.Insights - This Method helps to capture and Display the dates in the console
2025-06-18 18:46:50,344 INFO  [main] com.qs.utility.PropertyUtils - Loading property file: D:\QSAutomationFramework/src/test/java/com/qs/platform/properties/Config.properties
2025-06-18 18:46:50,395 INFO  [main] org.testng.internal.Utils - [Utils] MethodGroupsHelper.collectMethodsByGroup() took 0 ms.
2025-06-18 18:46:50,402 INFO  [main] org.testng.internal.Utils - [Utils] MethodGroupsHelper.sortMethods() took 3 ms.
2025-06-18 18:46:50,405 INFO  [main] org.testng.internal.Utils - [Utils] MethodGroupsHelper.collectMethodsByGroup() took 0 ms.
2025-06-18 18:46:50,406 INFO  [main] org.testng.internal.Utils - [Utils] MethodGroupsHelper.sortMethods() took 0 ms.
2025-06-18 18:46:50,407 INFO  [main] org.testng.internal.Utils - [Utils] MethodGroupsHelper.collectMethodsByGroup() took 0 ms.
2025-06-18 18:46:50,408 INFO  [main] org.testng.internal.Utils - [Utils] MethodGroupsHelper.sortMethods() took 0 ms.
2025-06-18 18:46:50,409 INFO  [main] org.testng.internal.Utils - [Utils] MethodGroupsHelper.collectMethodsByGroup() took 0 ms.
2025-06-18 18:46:50,409 INFO  [main] org.testng.internal.Utils - [Utils] MethodGroupsHelper.sortMethods() took 0 ms.
2025-06-18 18:46:50,411 INFO  [main] org.testng.internal.Utils - [Utils] MethodGroupsHelper.collectMethodsByGroup() took 0 ms.
2025-06-18 18:46:50,411 INFO  [main] org.testng.internal.Utils - [Utils] MethodGroupsHelper.sortMethods() took 0 ms.
2025-06-18 18:46:50,412 INFO  [main] org.testng.internal.Utils - [Utils] MethodGroupsHelper.collectMethodsByGroup() took 0 ms.
2025-06-18 18:46:50,414 INFO  [main] org.testng.internal.Utils - [Utils] MethodGroupsHelper.sortMethods() took 0 ms.
2025-06-18 18:46:50,415 INFO  [main] org.testng.internal.Utils - [Utils] MethodGroupsHelper.collectMethodsByGroup() took 0 ms.
2025-06-18 18:46:50,415 INFO  [main] org.testng.internal.Utils - [Utils] MethodGroupsHelper.sortMethods() took 0 ms.
2025-06-18 18:46:50,416 INFO  [main] org.testng.internal.Utils - [Utils] MethodGroupsHelper.collectMethodsByGroup() took 0 ms.
2025-06-18 18:46:50,417 INFO  [main] org.testng.internal.Utils - [Utils] MethodGroupsHelper.sortMethods() took 0 ms.
2025-06-18 18:46:50,428 INFO  [main] org.testng.internal.Utils - [Utils] MethodGroupsHelper.collectMethodsByGroup() took 4 ms.
2025-06-18 18:46:50,440 INFO  [main] org.testng.internal.Utils - [Utils] MethodGroupsHelper.sortMethods() took 12 ms.
2025-06-18 18:46:50,443 INFO  [main] org.testng.internal.Utils - [Utils] MethodGroupsHelper.collectMethodsByGroup() took 0 ms.
2025-06-18 18:46:50,443 INFO  [main] org.testng.internal.Utils - [Utils] MethodGroupsHelper.sortMethods() took 0 ms.
2025-06-18 18:46:50,447 INFO  [main] org.testng.internal.Utils - [Utils] MethodGroupsHelper.collectMethodsByGroup() took 0 ms.
2025-06-18 18:46:50,447 INFO  [main] org.testng.internal.Utils - [Utils] MethodGroupsHelper.sortMethods() took 0 ms.
2025-06-18 18:46:50,447 INFO  [main] org.testng.internal.Utils - [Utils] MethodGroupsHelper.collectMethodsByGroup() took 0 ms.
2025-06-18 18:46:50,447 INFO  [main] org.testng.internal.Utils - [Utils] MethodGroupsHelper.sortMethods() took 0 ms.
2025-06-18 18:46:50,448 INFO  [main] org.testng.internal.Utils - [Utils] MethodGroupsHelper.collectMethodsByGroup() took 0 ms.
2025-06-18 18:46:50,449 INFO  [main] org.testng.internal.Utils - [Utils] MethodGroupsHelper.sortMethods() took 0 ms.
2025-06-18 18:46:50,451 INFO  [main] org.testng.internal.Utils - [Utils] MethodGroupsHelper.collectMethodsByGroup() took 0 ms.
2025-06-18 18:46:50,451 INFO  [main] org.testng.internal.Utils - [Utils] MethodGroupsHelper.sortMethods() took 0 ms.
2025-06-18 18:46:50,451 INFO  [main] org.testng.internal.Utils - [Utils] MethodGroupsHelper.collectMethodsByGroup() took 0 ms.
2025-06-18 18:46:50,451 INFO  [main] org.testng.internal.Utils - [Utils] MethodGroupsHelper.sortMethods() took 0 ms.
2025-06-18 18:46:50,459 INFO  [main] org.testng.internal.Utils - [TestNG] Running:
  D:\QSAutomationFramework\testng.xml

2025-06-18 18:46:50,476 INFO  [main] org.testng.internal.Utils - [Utils] DynamicGraphHelper.createDynamicGraph() took 6 ms.
2025-06-18 18:46:59,656 INFO  [main] com.qs.utility.PropertyUtils - Loading property file: D:\QSAutomationFramework/src/test/java/com/qs/platform/ObjectRepository/Insight.properties
2025-06-18 18:46:59,658 INFO  [main] com.qs.utility.PropertyUtils - Loading property file: D:\QSAutomationFramework/src/test/java/com/qs/platform/properties/Config.properties
2025-06-18 18:46:59,662 INFO  [main] com.qs.Pages.Insights - This Method helps to handle the cookies Banner
2025-06-18 18:47:00,423 INFO  [main] com.qs.Pages.Insights - This method helps to select QS News Value From Topics DropDown
2025-06-18 18:47:00,646 INFO  [main] com.qs.Pages.Insights - This Method helps to capture and Display the dates in the console
2025-06-18 18:47:06,158 INFO  [main] com.qs.utility.PropertyUtils - Loading property file: D:\QSAutomationFramework/src/test/java/com/qs/platform/properties/Config.properties
2025-06-18 18:47:14,531 INFO  [main] com.qs.Pages.Insights - This Method helps to handle the cookies Banner
2025-06-18 18:47:15,324 INFO  [main] com.qs.Pages.Insights - This method helps to select QS News Value From Topics DropDown
2025-06-18 18:47:15,675 INFO  [main] com.qs.Pages.Insights - This Method helps to capture and Display the dates in the console
2025-06-18 18:47:21,750 INFO  [main] org.testng.internal.Utils - [TestNG] Time taken by org.testng.internal.ExitCodeListener@5d8445d7: 0 ms
2025-06-18 18:50:27,813 INFO  [main] com.qs.utility.PropertyUtils - Loading property file: D:\QSAutomationFramework/src/test/java/com/qs/platform/properties/Config.properties
2025-06-18 18:50:27,892 INFO  [main] org.testng.internal.Utils - [Utils] MethodGroupsHelper.collectMethodsByGroup() took 0 ms.
2025-06-18 18:50:27,897 INFO  [main] org.testng.internal.Utils - [Utils] MethodGroupsHelper.sortMethods() took 2 ms.
2025-06-18 18:50:27,900 INFO  [main] org.testng.internal.Utils - [Utils] MethodGroupsHelper.collectMethodsByGroup() took 0 ms.
2025-06-18 18:50:27,901 INFO  [main] org.testng.internal.Utils - [Utils] MethodGroupsHelper.sortMethods() took 0 ms.
2025-06-18 18:50:27,903 INFO  [main] org.testng.internal.Utils - [Utils] MethodGroupsHelper.collectMethodsByGroup() took 0 ms.
2025-06-18 18:50:27,903 INFO  [main] org.testng.internal.Utils - [Utils] MethodGroupsHelper.sortMethods() took 0 ms.
2025-06-18 18:50:27,905 INFO  [main] org.testng.internal.Utils - [Utils] MethodGroupsHelper.collectMethodsByGroup() took 0 ms.
2025-06-18 18:50:27,906 INFO  [main] org.testng.internal.Utils - [Utils] MethodGroupsHelper.sortMethods() took 0 ms.
2025-06-18 18:50:27,907 INFO  [main] org.testng.internal.Utils - [Utils] MethodGroupsHelper.collectMethodsByGroup() took 0 ms.
2025-06-18 18:50:27,908 INFO  [main] org.testng.internal.Utils - [Utils] MethodGroupsHelper.sortMethods() took 0 ms.
2025-06-18 18:50:27,909 INFO  [main] org.testng.internal.Utils - [Utils] MethodGroupsHelper.collectMethodsByGroup() took 0 ms.
2025-06-18 18:50:27,910 INFO  [main] org.testng.internal.Utils - [Utils] MethodGroupsHelper.sortMethods() took 0 ms.
2025-06-18 18:50:27,911 INFO  [main] org.testng.internal.Utils - [Utils] MethodGroupsHelper.collectMethodsByGroup() took 0 ms.
2025-06-18 18:50:27,912 INFO  [main] org.testng.internal.Utils - [Utils] MethodGroupsHelper.sortMethods() took 0 ms.
2025-06-18 18:50:27,914 INFO  [main] org.testng.internal.Utils - [Utils] MethodGroupsHelper.collectMethodsByGroup() took 0 ms.
2025-06-18 18:50:27,916 INFO  [main] org.testng.internal.Utils - [Utils] MethodGroupsHelper.sortMethods() took 0 ms.
2025-06-18 18:50:27,928 INFO  [main] org.testng.internal.Utils - [Utils] MethodGroupsHelper.collectMethodsByGroup() took 5 ms.
2025-06-18 18:50:27,947 INFO  [main] org.testng.internal.Utils - [Utils] MethodGroupsHelper.sortMethods() took 19 ms.
2025-06-18 18:50:27,950 INFO  [main] org.testng.internal.Utils - [Utils] MethodGroupsHelper.collectMethodsByGroup() took 0 ms.
2025-06-18 18:50:27,952 INFO  [main] org.testng.internal.Utils - [Utils] MethodGroupsHelper.sortMethods() took 1 ms.
2025-06-18 18:50:27,961 INFO  [main] org.testng.internal.Utils - [Utils] MethodGroupsHelper.collectMethodsByGroup() took 0 ms.
2025-06-18 18:50:27,962 INFO  [main] org.testng.internal.Utils - [Utils] MethodGroupsHelper.sortMethods() took 0 ms.
2025-06-18 18:50:27,962 INFO  [main] org.testng.internal.Utils - [Utils] MethodGroupsHelper.collectMethodsByGroup() took 0 ms.
2025-06-18 18:50:27,963 INFO  [main] org.testng.internal.Utils - [Utils] MethodGroupsHelper.sortMethods() took 0 ms.
2025-06-18 18:50:27,965 INFO  [main] org.testng.internal.Utils - [Utils] MethodGroupsHelper.collectMethodsByGroup() took 0 ms.
2025-06-18 18:50:27,966 INFO  [main] org.testng.internal.Utils - [Utils] MethodGroupsHelper.sortMethods() took 0 ms.
2025-06-18 18:50:27,969 INFO  [main] org.testng.internal.Utils - [Utils] MethodGroupsHelper.collectMethodsByGroup() took 0 ms.
2025-06-18 18:50:27,969 INFO  [main] org.testng.internal.Utils - [Utils] MethodGroupsHelper.sortMethods() took 0 ms.
2025-06-18 18:50:27,970 INFO  [main] org.testng.internal.Utils - [Utils] MethodGroupsHelper.collectMethodsByGroup() took 0 ms.
2025-06-18 18:50:27,970 INFO  [main] org.testng.internal.Utils - [Utils] MethodGroupsHelper.sortMethods() took 0 ms.
2025-06-18 18:50:27,981 INFO  [main] org.testng.internal.Utils - [TestNG] Running:
  D:\QSAutomationFramework\testng.xml

2025-06-18 18:50:28,019 INFO  [main] org.testng.internal.Utils - [Utils] DynamicGraphHelper.createDynamicGraph() took 14 ms.
2025-06-18 18:50:36,537 INFO  [main] com.qs.utility.PropertyUtils - Loading property file: D:\QSAutomationFramework/src/test/java/com/qs/platform/ObjectRepository/Insight.properties
2025-06-18 18:50:36,541 INFO  [main] com.qs.utility.PropertyUtils - Loading property file: D:\QSAutomationFramework/src/test/java/com/qs/platform/properties/Config.properties
2025-06-18 18:50:36,548 INFO  [main] com.qs.Pages.Insights - This Method helps to handle the cookies Banner
2025-06-18 18:50:37,287 INFO  [main] com.qs.Pages.Insights - This method helps to select QS News Value From Topics DropDown
2025-06-18 18:50:37,483 INFO  [main] com.qs.Pages.Insights - This Method helps to capture and Display the dates in the console
2025-06-18 18:51:16,240 INFO  [main] com.qs.utility.PropertyUtils - Loading property file: D:\QSAutomationFramework/src/test/java/com/qs/platform/properties/Config.properties
2025-06-18 18:51:16,747 INFO  [main] org.testng.internal.Utils - [TestNG] Time taken by org.testng.internal.ExitCodeListener@4fad94a7: 0 ms
2025-06-18 18:52:44,877 INFO  [main] com.qs.utility.PropertyUtils - Loading property file: D:\QSAutomationFramework/src/test/java/com/qs/platform/properties/Config.properties
2025-06-18 18:52:44,934 INFO  [main] org.testng.internal.Utils - [Utils] MethodGroupsHelper.collectMethodsByGroup() took 1 ms.
2025-06-18 18:52:44,942 INFO  [main] org.testng.internal.Utils - [Utils] MethodGroupsHelper.sortMethods() took 3 ms.
2025-06-18 18:52:44,946 INFO  [main] org.testng.internal.Utils - [Utils] MethodGroupsHelper.collectMethodsByGroup() took 0 ms.
2025-06-18 18:52:44,946 INFO  [main] org.testng.internal.Utils - [Utils] MethodGroupsHelper.sortMethods() took 0 ms.
2025-06-18 18:52:44,948 INFO  [main] org.testng.internal.Utils - [Utils] MethodGroupsHelper.collectMethodsByGroup() took 0 ms.
2025-06-18 18:52:44,948 INFO  [main] org.testng.internal.Utils - [Utils] MethodGroupsHelper.sortMethods() took 0 ms.
2025-06-18 18:52:44,950 INFO  [main] org.testng.internal.Utils - [Utils] MethodGroupsHelper.collectMethodsByGroup() took 0 ms.
2025-06-18 18:52:44,950 INFO  [main] org.testng.internal.Utils - [Utils] MethodGroupsHelper.sortMethods() took 0 ms.
2025-06-18 18:52:44,952 INFO  [main] org.testng.internal.Utils - [Utils] MethodGroupsHelper.collectMethodsByGroup() took 0 ms.
2025-06-18 18:52:44,952 INFO  [main] org.testng.internal.Utils - [Utils] MethodGroupsHelper.sortMethods() took 0 ms.
2025-06-18 18:52:44,954 INFO  [main] org.testng.internal.Utils - [Utils] MethodGroupsHelper.collectMethodsByGroup() took 0 ms.
2025-06-18 18:52:44,955 INFO  [main] org.testng.internal.Utils - [Utils] MethodGroupsHelper.sortMethods() took 0 ms.
2025-06-18 18:52:44,956 INFO  [main] org.testng.internal.Utils - [Utils] MethodGroupsHelper.collectMethodsByGroup() took 0 ms.
2025-06-18 18:52:44,957 INFO  [main] org.testng.internal.Utils - [Utils] MethodGroupsHelper.sortMethods() took 0 ms.
2025-06-18 18:52:44,958 INFO  [main] org.testng.internal.Utils - [Utils] MethodGroupsHelper.collectMethodsByGroup() took 0 ms.
2025-06-18 18:52:44,961 INFO  [main] org.testng.internal.Utils - [Utils] MethodGroupsHelper.sortMethods() took 0 ms.
2025-06-18 18:52:44,975 INFO  [main] org.testng.internal.Utils - [Utils] MethodGroupsHelper.collectMethodsByGroup() took 7 ms.
2025-06-18 18:52:45,001 INFO  [main] org.testng.internal.Utils - [Utils] MethodGroupsHelper.sortMethods() took 26 ms.
2025-06-18 18:52:45,006 INFO  [main] org.testng.internal.Utils - [Utils] MethodGroupsHelper.collectMethodsByGroup() took 0 ms.
2025-06-18 18:52:45,007 INFO  [main] org.testng.internal.Utils - [Utils] MethodGroupsHelper.sortMethods() took 1 ms.
2025-06-18 18:52:45,014 INFO  [main] org.testng.internal.Utils - [Utils] MethodGroupsHelper.collectMethodsByGroup() took 0 ms.
2025-06-18 18:52:45,014 INFO  [main] org.testng.internal.Utils - [Utils] MethodGroupsHelper.sortMethods() took 0 ms.
2025-06-18 18:52:45,015 INFO  [main] org.testng.internal.Utils - [Utils] MethodGroupsHelper.collectMethodsByGroup() took 0 ms.
2025-06-18 18:52:45,015 INFO  [main] org.testng.internal.Utils - [Utils] MethodGroupsHelper.sortMethods() took 0 ms.
2025-06-18 18:52:45,017 INFO  [main] org.testng.internal.Utils - [Utils] MethodGroupsHelper.collectMethodsByGroup() took 1 ms.
2025-06-18 18:52:45,019 INFO  [main] org.testng.internal.Utils - [Utils] MethodGroupsHelper.sortMethods() took 0 ms.
2025-06-18 18:52:45,022 INFO  [main] org.testng.internal.Utils - [Utils] MethodGroupsHelper.collectMethodsByGroup() took 0 ms.
2025-06-18 18:52:45,023 INFO  [main] org.testng.internal.Utils - [Utils] MethodGroupsHelper.sortMethods() took 0 ms.
2025-06-18 18:52:45,023 INFO  [main] org.testng.internal.Utils - [Utils] MethodGroupsHelper.collectMethodsByGroup() took 0 ms.
2025-06-18 18:52:45,023 INFO  [main] org.testng.internal.Utils - [Utils] MethodGroupsHelper.sortMethods() took 0 ms.
2025-06-18 18:52:45,036 INFO  [main] org.testng.internal.Utils - [TestNG] Running:
  D:\QSAutomationFramework\testng.xml

2025-06-18 18:52:45,071 INFO  [main] org.testng.internal.Utils - [Utils] DynamicGraphHelper.createDynamicGraph() took 9 ms.
2025-06-18 18:52:53,607 INFO  [main] com.qs.utility.PropertyUtils - Loading property file: D:\QSAutomationFramework/src/test/java/com/qs/platform/ObjectRepository/Insight.properties
2025-06-18 18:52:53,610 INFO  [main] com.qs.utility.PropertyUtils - Loading property file: D:\QSAutomationFramework/src/test/java/com/qs/platform/properties/Config.properties
2025-06-18 18:52:53,614 INFO  [main] com.qs.Pages.Insights - This Method helps to handle the cookies Banner
2025-06-18 18:52:54,411 INFO  [main] com.qs.Pages.Insights - This method helps to select QS News Value From Topics DropDown
2025-06-18 18:52:54,733 INFO  [main] com.qs.Pages.Insights - This Method helps to capture and Display the dates in the console
2025-06-18 18:58:30,978 INFO  [main] com.qs.utility.PropertyUtils - Loading property file: D:\QSAutomationFramework/src/test/java/com/qs/platform/properties/Config.properties
2025-06-18 18:58:31,034 INFO  [main] org.testng.internal.Utils - [Utils] MethodGroupsHelper.collectMethodsByGroup() took 1 ms.
2025-06-18 18:58:31,038 INFO  [main] org.testng.internal.Utils - [Utils] MethodGroupsHelper.sortMethods() took 1 ms.
2025-06-18 18:58:31,041 INFO  [main] org.testng.internal.Utils - [Utils] MethodGroupsHelper.collectMethodsByGroup() took 0 ms.
2025-06-18 18:58:31,041 INFO  [main] org.testng.internal.Utils - [Utils] MethodGroupsHelper.sortMethods() took 0 ms.
2025-06-18 18:58:31,043 INFO  [main] org.testng.internal.Utils - [Utils] MethodGroupsHelper.collectMethodsByGroup() took 0 ms.
2025-06-18 18:58:31,043 INFO  [main] org.testng.internal.Utils - [Utils] MethodGroupsHelper.sortMethods() took 0 ms.
2025-06-18 18:58:31,044 INFO  [main] org.testng.internal.Utils - [Utils] MethodGroupsHelper.collectMethodsByGroup() took 0 ms.
2025-06-18 18:58:31,044 INFO  [main] org.testng.internal.Utils - [Utils] MethodGroupsHelper.sortMethods() took 0 ms.
2025-06-18 18:58:31,046 INFO  [main] org.testng.internal.Utils - [Utils] MethodGroupsHelper.collectMethodsByGroup() took 0 ms.
2025-06-18 18:58:31,046 INFO  [main] org.testng.internal.Utils - [Utils] MethodGroupsHelper.sortMethods() took 0 ms.
2025-06-18 18:58:31,047 INFO  [main] org.testng.internal.Utils - [Utils] MethodGroupsHelper.collectMethodsByGroup() took 0 ms.
2025-06-18 18:58:31,048 INFO  [main] org.testng.internal.Utils - [Utils] MethodGroupsHelper.sortMethods() took 0 ms.
2025-06-18 18:58:31,049 INFO  [main] org.testng.internal.Utils - [Utils] MethodGroupsHelper.collectMethodsByGroup() took 0 ms.
2025-06-18 18:58:31,049 INFO  [main] org.testng.internal.Utils - [Utils] MethodGroupsHelper.sortMethods() took 0 ms.
2025-06-18 18:58:31,051 INFO  [main] org.testng.internal.Utils - [Utils] MethodGroupsHelper.collectMethodsByGroup() took 0 ms.
2025-06-18 18:58:31,053 INFO  [main] org.testng.internal.Utils - [Utils] MethodGroupsHelper.sortMethods() took 0 ms.
2025-06-18 18:58:31,064 INFO  [main] org.testng.internal.Utils - [Utils] MethodGroupsHelper.collectMethodsByGroup() took 3 ms.
2025-06-18 18:58:31,078 INFO  [main] org.testng.internal.Utils - [Utils] MethodGroupsHelper.sortMethods() took 12 ms.
2025-06-18 18:58:31,080 INFO  [main] org.testng.internal.Utils - [Utils] MethodGroupsHelper.collectMethodsByGroup() took 0 ms.
2025-06-18 18:58:31,081 INFO  [main] org.testng.internal.Utils - [Utils] MethodGroupsHelper.sortMethods() took 0 ms.
2025-06-18 18:58:31,088 INFO  [main] org.testng.internal.Utils - [Utils] MethodGroupsHelper.collectMethodsByGroup() took 0 ms.
2025-06-18 18:58:31,089 INFO  [main] org.testng.internal.Utils - [Utils] MethodGroupsHelper.sortMethods() took 0 ms.
2025-06-18 18:58:31,089 INFO  [main] org.testng.internal.Utils - [Utils] MethodGroupsHelper.collectMethodsByGroup() took 0 ms.
2025-06-18 18:58:31,089 INFO  [main] org.testng.internal.Utils - [Utils] MethodGroupsHelper.sortMethods() took 0 ms.
2025-06-18 18:58:31,091 INFO  [main] org.testng.internal.Utils - [Utils] MethodGroupsHelper.collectMethodsByGroup() took 0 ms.
2025-06-18 18:58:31,092 INFO  [main] org.testng.internal.Utils - [Utils] MethodGroupsHelper.sortMethods() took 0 ms.
2025-06-18 18:58:31,094 INFO  [main] org.testng.internal.Utils - [Utils] MethodGroupsHelper.collectMethodsByGroup() took 0 ms.
2025-06-18 18:58:31,094 INFO  [main] org.testng.internal.Utils - [Utils] MethodGroupsHelper.sortMethods() took 0 ms.
2025-06-18 18:58:31,094 INFO  [main] org.testng.internal.Utils - [Utils] MethodGroupsHelper.collectMethodsByGroup() took 0 ms.
2025-06-18 18:58:31,094 INFO  [main] org.testng.internal.Utils - [Utils] MethodGroupsHelper.sortMethods() took 0 ms.
2025-06-18 18:58:31,101 INFO  [main] org.testng.internal.Utils - [TestNG] Running:
  D:\QSAutomationFramework\testng.xml

2025-06-18 18:58:31,126 INFO  [main] org.testng.internal.Utils - [Utils] DynamicGraphHelper.createDynamicGraph() took 5 ms.
2025-06-18 18:58:40,978 INFO  [main] com.qs.utility.PropertyUtils - Loading property file: D:\QSAutomationFramework/src/test/java/com/qs/platform/ObjectRepository/Insight.properties
2025-06-18 18:58:40,980 INFO  [main] com.qs.utility.PropertyUtils - Loading property file: D:\QSAutomationFramework/src/test/java/com/qs/platform/properties/Config.properties
2025-06-18 18:58:40,983 INFO  [main] com.qs.Pages.Insights - This Method helps to handle the cookies Banner
2025-06-18 18:58:41,724 INFO  [main] com.qs.Pages.Insights - This method helps to select QS News Value From Topics DropDown
2025-06-18 18:58:41,964 INFO  [main] com.qs.Pages.Insights - This Method helps to capture and Display the dates in the console
2025-06-18 18:59:21,173 INFO  [main] com.qs.utility.PropertyUtils - Loading property file: D:\QSAutomationFramework/src/test/java/com/qs/platform/properties/Config.properties
2025-06-18 18:59:21,826 INFO  [main] org.testng.internal.Utils - [TestNG] Time taken by org.testng.internal.ExitCodeListener@72bd06ca: 0 ms
2025-06-18 18:59:49,050 INFO  [main] com.qs.utility.PropertyUtils - Loading property file: D:\QSAutomationFramework/src/test/java/com/qs/platform/properties/Config.properties
2025-06-18 18:59:50,642 INFO  [main] org.testng.internal.Utils - [Utils] MethodGroupsHelper.collectMethodsByGroup() took 0 ms.
2025-06-18 18:59:50,644 INFO  [main] org.testng.internal.Utils - [Utils] MethodGroupsHelper.sortMethods() took 0 ms.
2025-06-18 18:59:50,646 INFO  [main] org.testng.internal.Utils - [Utils] MethodGroupsHelper.collectMethodsByGroup() took 0 ms.
2025-06-18 18:59:50,646 INFO  [main] org.testng.internal.Utils - [Utils] MethodGroupsHelper.sortMethods() took 0 ms.
2025-06-18 18:59:50,646 INFO  [main] org.testng.internal.Utils - [Utils] MethodGroupsHelper.collectMethodsByGroup() took 0 ms.
2025-06-18 18:59:50,647 INFO  [main] org.testng.internal.Utils - [Utils] MethodGroupsHelper.sortMethods() took 0 ms.
2025-06-18 18:59:50,647 INFO  [main] org.testng.internal.Utils - [Utils] MethodGroupsHelper.collectMethodsByGroup() took 0 ms.
2025-06-18 18:59:50,647 INFO  [main] org.testng.internal.Utils - [Utils] MethodGroupsHelper.sortMethods() took 0 ms.
2025-06-18 18:59:50,648 INFO  [main] org.testng.internal.Utils - [Utils] MethodGroupsHelper.collectMethodsByGroup() took 0 ms.
2025-06-18 18:59:50,648 INFO  [main] org.testng.internal.Utils - [Utils] MethodGroupsHelper.sortMethods() took 0 ms.
2025-06-18 18:59:50,649 INFO  [main] org.testng.internal.Utils - [Utils] MethodGroupsHelper.collectMethodsByGroup() took 0 ms.
2025-06-18 18:59:50,649 INFO  [main] org.testng.internal.Utils - [Utils] MethodGroupsHelper.sortMethods() took 0 ms.
2025-06-18 18:59:50,649 INFO  [main] org.testng.internal.Utils - [Utils] MethodGroupsHelper.collectMethodsByGroup() took 0 ms.
2025-06-18 18:59:50,649 INFO  [main] org.testng.internal.Utils - [Utils] MethodGroupsHelper.sortMethods() took 0 ms.
2025-06-18 18:59:50,650 INFO  [main] org.testng.internal.Utils - [Utils] MethodGroupsHelper.collectMethodsByGroup() took 0 ms.
2025-06-18 18:59:50,652 INFO  [main] org.testng.internal.Utils - [Utils] MethodGroupsHelper.sortMethods() took 0 ms.
2025-06-18 18:59:50,657 INFO  [main] org.testng.internal.Utils - [Utils] MethodGroupsHelper.collectMethodsByGroup() took 2 ms.
2025-06-18 18:59:50,666 INFO  [main] org.testng.internal.Utils - [Utils] MethodGroupsHelper.sortMethods() took 8 ms.
2025-06-18 18:59:50,668 INFO  [main] org.testng.internal.Utils - [Utils] MethodGroupsHelper.collectMethodsByGroup() took 1 ms.
2025-06-18 18:59:50,668 INFO  [main] org.testng.internal.Utils - [Utils] MethodGroupsHelper.sortMethods() took 0 ms.
2025-06-18 18:59:50,673 INFO  [main] org.testng.internal.Utils - [Utils] MethodGroupsHelper.collectMethodsByGroup() took 0 ms.
2025-06-18 18:59:50,674 INFO  [main] org.testng.internal.Utils - [Utils] MethodGroupsHelper.sortMethods() took 0 ms.
2025-06-18 18:59:50,674 INFO  [main] org.testng.internal.Utils - [Utils] MethodGroupsHelper.collectMethodsByGroup() took 0 ms.
2025-06-18 18:59:50,674 INFO  [main] org.testng.internal.Utils - [Utils] MethodGroupsHelper.sortMethods() took 0 ms.
2025-06-18 18:59:50,675 INFO  [main] org.testng.internal.Utils - [Utils] MethodGroupsHelper.collectMethodsByGroup() took 0 ms.
2025-06-18 18:59:50,676 INFO  [main] org.testng.internal.Utils - [Utils] MethodGroupsHelper.sortMethods() took 0 ms.
2025-06-18 18:59:50,679 INFO  [main] org.testng.internal.Utils - [Utils] MethodGroupsHelper.collectMethodsByGroup() took 0 ms.
2025-06-18 18:59:50,679 INFO  [main] org.testng.internal.Utils - [Utils] MethodGroupsHelper.sortMethods() took 0 ms.
2025-06-18 18:59:50,679 INFO  [main] org.testng.internal.Utils - [Utils] MethodGroupsHelper.collectMethodsByGroup() took 0 ms.
2025-06-18 18:59:50,680 INFO  [main] org.testng.internal.Utils - [Utils] MethodGroupsHelper.sortMethods() took 0 ms.
2025-06-18 18:59:50,687 INFO  [main] org.testng.internal.Utils - [TestNG] Running:
  D:\QSAutomationFramework\testng.xml

2025-06-18 18:59:50,702 INFO  [main] org.testng.internal.Utils - [Utils] DynamicGraphHelper.createDynamicGraph() took 5 ms.
2025-06-18 18:59:59,367 INFO  [main] com.qs.utility.PropertyUtils - Loading property file: D:\QSAutomationFramework/src/test/java/com/qs/platform/ObjectRepository/ContactUs.properties
2025-06-18 18:59:59,371 INFO  [main] com.qs.utility.PropertyUtils - Loading property file: D:\QSAutomationFramework/src/test/java/com/qs/platform/properties/Config.properties
2025-06-18 18:59:59,378 INFO  [main] com.qs.Pages.ContactUs - This Method helps to handle the cookies Banner
2025-06-18 19:00:00,305 INFO  [main] com.qs.Pages.ContactUs - This Method helps to Validate The Contact Us page Header is Displayed
2025-06-18 19:00:00,363 INFO  [main] com.qs.Pages.ContactUs - This Method helps to enter the first Name
2025-06-18 19:00:00,674 INFO  [main] com.qs.Pages.ContactUs - This Method helps to enter the Last Name
2025-06-18 19:00:00,887 INFO  [main] com.qs.Pages.ContactUs - This Method helps to select the country
2025-06-18 19:00:01,088 INFO  [main] com.qs.Pages.ContactUs - This Method helps to enter the work email address
2025-06-18 19:00:01,414 INFO  [main] com.qs.Pages.ContactUs - This Method helps to enter the job title
2025-06-18 19:00:01,639 INFO  [main] com.qs.Pages.ContactUs - This Method helps to enter the Organisation name
2025-06-18 19:00:01,816 INFO  [main] com.qs.Pages.ContactUs - This Method helps to select area of Interest Sustainability
2025-06-18 19:00:02,953 INFO  [main] com.qs.Pages.ContactUs - This Method helps to select area of Interest Employability
2025-06-18 19:00:04,150 INFO  [main] com.qs.Pages.ContactUs - This Method helps to select area of Interest Rankings
2025-06-18 19:00:05,270 INFO  [main] com.qs.Pages.ContactUs - This Method helps to select area of Interest Digital Innovation
2025-06-18 19:00:06,318 INFO  [main] com.qs.Pages.ContactUs - This Method helps to enter the Message to Qs
2025-06-18 19:00:06,558 INFO  [main] com.qs.Pages.ContactUs - This Method helps to click on I agree to receive communications from QS.
2025-06-18 19:00:06,944 INFO  [main] com.qs.Pages.ContactUs - This Method helps to click on Submit button
2025-06-18 19:00:07,461 INFO  [main] com.qs.utility.PropertyUtils - Loading property file: D:\QSAutomationFramework/src/test/java/com/qs/platform/properties/Config.properties
2025-06-18 19:00:08,446 INFO  [main] org.testng.internal.Utils - [TestNG] Time taken by org.testng.internal.ExitCodeListener@376c7d7d: 0 ms
